[Worker:RC_2025-09.zst] Starting scan
[Worker:RC_2025-12.zst] Starting scan
[Worker:RC_2025-12.zst] comments=100,000 active_words=6,030 remaining=5,947
[Worker:RC_2025-09.zst] comments=100,000 active_words=6,049 remaining=5,957
[Worker:RC_2025-12.zst] comments=200,000 active_words=6,326 remaining=5,529
[Worker:RC_2025-09.zst] comments=200,000 active_words=6,340 remaining=5,515
[Worker:RC_2025-12.zst] comments=300,000 active_words=6,391 remaining=5,241
[Worker:RC_2025-09.zst] comments=300,000 active_words=6,382 remaining=5,249
[Worker:RC_2025-12.zst] comments=400,000 active_words=6,413 remaining=4,978
[Worker:RC_2025-09.zst] comments=400,000 active_words=6,410 remaining=4,993
[Worker:RC_2025-12.zst] comments=500,000 active_words=6,423 remaining=4,703
[Worker:RC_2025-09.zst] comments=500,000 active_words=6,417 remaining=4,727
[Worker:RC_2025-12.zst] comments=600,000 active_words=6,423 remaining=4,514
[Worker:RC_2025-09.zst] comments=600,000 active_words=6,420 remaining=4,516
[Worker:RC_2025-12.zst] comments=700,000 active_words=6,423 remaining=4,346
[Worker:RC_2025-09.zst] comments=700,000 active_words=6,421 remaining=4,371
[Worker:RC_2025-12.zst] comments=800,000 active_words=6,423 remaining=4,223
[Worker:RC_2025-09.zst] comments=800,000 active_words=6,421 remaining=4,220
[Worker:RC_2025-12.zst] comments=900,000 active_words=6,423 remaining=4,074
[Worker:RC_2025-09.zst] comments=900,000 active_words=6,421 remaining=4,106
[Worker:RC_2025-12.zst] comments=1,000,000 active_words=6,423 remaining=3,958
[Worker:RC_2025-09.zst] comments=1,000,000 active_words=6,421 remaining=3,991
[Worker:RC_2025-12.zst] comments=1,100,000 active_words=6,423 remaining=3,862
[Worker:RC_2025-09.zst] comments=1,100,000 active_words=6,422 remaining=3,865
[Worker:RC_2025-12.zst] comments=1,200,000 active_words=6,423 remaining=3,745
[Worker:RC_2025-09.zst] comments=1,200,000 active_words=6,423 remaining=3,756
[Worker:RC_2025-09.zst] comments=1,300,000 active_words=6,423 remaining=3,639
[Worker:RC_2025-12.zst] comments=1,300,000 active_words=6,423 remaining=3,638
[Worker:RC_2025-12.zst] comments=1,400,000 active_words=6,423 remaining=3,528
[Worker:RC_2025-09.zst] comments=1,400,000 active_words=6,423 remaining=3,529
[Worker:RC_2025-12.zst] comments=1,500,000 active_words=6,423 remaining=3,412
[Worker:RC_2025-09.zst] comments=1,500,000 active_words=6,423 remaining=3,423
[Worker:RC_2025-12.zst] comments=1,600,000 active_words=6,423 remaining=3,298
[Worker:RC_2025-09.zst] comments=1,600,000 active_words=6,423 remaining=3,305
[Worker:RC_2025-12.zst] comments=1,700,000 active_words=6,423 remaining=3,188
[Worker:RC_2025-09.zst] comments=1,700,000 active_words=6,423 remaining=3,214
[Worker:RC_2025-12.zst] comments=1,800,000 active_words=6,423 remaining=3,092
[Worker:RC_2025-09.zst] comments=1,800,000 active_words=6,423 remaining=3,111
[Worker:RC_2025-12.zst] comments=1,900,000 active_words=6,423 remaining=3,008
[Worker:RC_2025-09.zst] comments=1,900,000 active_words=6,423 remaining=3,016
[Worker:RC_2025-12.zst] comments=2,000,000 active_words=6,423 remaining=2,923
[Worker:RC_2025-09.zst] comments=2,000,000 active_words=6,423 remaining=2,932
[Worker:RC_2025-12.zst] comments=2,100,000 active_words=6,423 remaining=2,846
[Worker:RC_2025-09.zst] comments=2,100,000 active_words=6,423 remaining=2,833
[Worker:RC_2025-12.zst] comments=2,200,000 active_words=6,423 remaining=2,770
[Worker:RC_2025-09.zst] comments=2,200,000 active_words=6,423 remaining=2,766
[Worker:RC_2025-12.zst] comments=2,300,000 active_words=6,423 remaining=2,703
[Worker:RC_2025-09.zst] comments=2,300,000 active_words=6,423 remaining=2,679
[Worker:RC_2025-12.zst] comments=2,400,000 active_words=6,423 remaining=2,633
[Worker:RC_2025-09.zst] comments=2,400,000 active_words=6,423 remaining=2,608
[Worker:RC_2025-12.zst] comments=2,500,000 active_words=6,423 remaining=2,557
[Worker:RC_2025-09.zst] comments=2,500,000 active_words=6,423 remaining=2,547
[Worker:RC_2025-12.zst] comments=2,600,000 active_words=6,423 remaining=2,495
[Worker:RC_2025-09.zst] comments=2,600,000 active_words=6,423 remaining=2,471
[Worker:RC_2025-12.zst] comments=2,700,000 active_words=6,423 remaining=2,434
[Worker:RC_2025-09.zst] comments=2,700,000 active_words=6,423 remaining=2,403
[Worker:RC_2025-12.zst] comments=2,800,000 active_words=6,423 remaining=2,367
[Worker:RC_2025-09.zst] comments=2,800,000 active_words=6,423 remaining=2,347
[Worker:RC_2025-12.zst] comments=2,900,000 active_words=6,423 remaining=2,304
[Worker:RC_2025-09.zst] comments=2,900,000 active_words=6,423 remaining=2,279
[Worker:RC_2025-12.zst] comments=3,000,000 active_words=6,423 remaining=2,244
[Worker:RC_2025-09.zst] comments=3,000,000 active_words=6,423 remaining=2,223
[Worker:RC_2025-12.zst] comments=3,100,000 active_words=6,423 remaining=2,178
[Worker:RC_2025-09.zst] comments=3,100,000 active_words=6,423 remaining=2,172
[Worker:RC_2025-12.zst] comments=3,200,000 active_words=6,423 remaining=2,122
[Worker:RC_2025-09.zst] comments=3,200,000 active_words=6,423 remaining=2,117
[Worker:RC_2025-12.zst] comments=3,300,000 active_words=6,423 remaining=2,077
[Worker:RC_2025-09.zst] comments=3,300,000 active_words=6,423 remaining=2,066
[Worker:RC_2025-12.zst] comments=3,400,000 active_words=6,423 remaining=2,021
[Worker:RC_2025-09.zst] comments=3,400,000 active_words=6,423 remaining=2,018
[Worker:RC_2025-12.zst] comments=3,500,000 active_words=6,423 remaining=1,970
[Worker:RC_2025-09.zst] comments=3,500,000 active_words=6,423 remaining=1,972
[Worker:RC_2025-12.zst] comments=3,600,000 active_words=6,423 remaining=1,925
[Worker:RC_2025-09.zst] comments=3,600,000 active_words=6,423 remaining=1,929
[Worker:RC_2025-12.zst] comments=3,700,000 active_words=6,423 remaining=1,884
[Worker:RC_2025-09.zst] comments=3,700,000 active_words=6,423 remaining=1,881
[Worker:RC_2025-12.zst] comments=3,800,000 active_words=6,423 remaining=1,839
[Worker:RC_2025-09.zst] comments=3,800,000 active_words=6,423 remaining=1,851
[Worker:RC_2025-12.zst] comments=3,900,000 active_words=6,423 remaining=1,781
[Worker:RC_2025-09.zst] comments=3,900,000 active_words=6,423 remaining=1,807
[Worker:RC_2025-12.zst] comments=4,000,000 active_words=6,423 remaining=1,751
[Worker:RC_2025-09.zst] comments=4,000,000 active_words=6,423 remaining=1,771
[Worker:RC_2025-12.zst] comments=4,100,000 active_words=6,423 remaining=1,721
[Worker:RC_2025-09.zst] comments=4,100,000 active_words=6,423 remaining=1,740
[Worker:RC_2025-12.zst] comments=4,200,000 active_words=6,423 remaining=1,692
[Worker:RC_2025-09.zst] comments=4,200,000 active_words=6,423 remaining=1,694
[Worker:RC_2025-12.zst] comments=4,300,000 active_words=6,423 remaining=1,651
[Worker:RC_2025-09.zst] comments=4,300,000 active_words=6,423 remaining=1,654
[Worker:RC_2025-12.zst] comments=4,400,000 active_words=6,423 remaining=1,620
[Worker:RC_2025-09.zst] comments=4,400,000 active_words=6,423 remaining=1,611
[Worker:RC_2025-12.zst] comments=4,500,000 active_words=6,423 remaining=1,579
[Worker:RC_2025-09.zst] comments=4,500,000 active_words=6,423 remaining=1,577
[Worker:RC_2025-12.zst] comments=4,600,000 active_words=6,423 remaining=1,542
[Worker:RC_2025-09.zst] comments=4,600,000 active_words=6,423 remaining=1,537
[Worker:RC_2025-12.zst] comments=4,700,000 active_words=6,423 remaining=1,491
[Worker:RC_2025-09.zst] comments=4,700,000 active_words=6,423 remaining=1,503
[Worker:RC_2025-12.zst] comments=4,800,000 active_words=6,423 remaining=1,465
[Worker:RC_2025-09.zst] comments=4,800,000 active_words=6,423 remaining=1,463
[Worker:RC_2025-12.zst] comments=4,900,000 active_words=6,423 remaining=1,430
[Worker:RC_2025-09.zst] comments=4,900,000 active_words=6,423 remaining=1,428
[Worker:RC_2025-12.zst] comments=5,000,000 active_words=6,423 remaining=1,396
[Worker:RC_2025-09.zst] comments=5,000,000 active_words=6,423 remaining=1,386
[Worker:RC_2025-12.zst] comments=5,100,000 active_words=6,423 remaining=1,362
[Worker:RC_2025-09.zst] comments=5,100,000 active_words=6,423 remaining=1,351
[Worker:RC_2025-12.zst] comments=5,200,000 active_words=6,423 remaining=1,329
[Worker:RC_2025-09.zst] comments=5,200,000 active_words=6,423 remaining=1,313
[Worker:RC_2025-12.zst] comments=5,300,000 active_words=6,423 remaining=1,287
[Worker:RC_2025-09.zst] comments=5,300,000 active_words=6,423 remaining=1,282
[Worker:RC_2025-12.zst] comments=5,400,000 active_words=6,423 remaining=1,249
[Worker:RC_2025-09.zst] comments=5,400,000 active_words=6,423 remaining=1,242
[Worker:RC_2025-12.zst] comments=5,500,000 active_words=6,423 remaining=1,211
[Worker:RC_2025-09.zst] comments=5,500,000 active_words=6,423 remaining=1,196
[Worker:RC_2025-12.zst] comments=5,600,000 active_words=6,423 remaining=1,177
[Worker:RC_2025-09.zst] comments=5,600,000 active_words=6,423 remaining=1,151
[Worker:RC_2025-12.zst] comments=5,700,000 active_words=6,423 remaining=1,138
[Worker:RC_2025-09.zst] comments=5,700,000 active_words=6,423 remaining=1,108
[Worker:RC_2025-12.zst] comments=5,800,000 active_words=6,423 remaining=1,098
[Worker:RC_2025-09.zst] comments=5,800,000 active_words=6,423 remaining=1,074
[Worker:RC_2025-12.zst] comments=5,900,000 active_words=6,423 remaining=1,064
[Worker:RC_2025-09.zst] comments=5,900,000 active_words=6,423 remaining=1,033
[Worker:RC_2025-12.zst] comments=6,000,000 active_words=6,423 remaining=1,020
[Worker:RC_2025-09.zst] comments=6,000,000 active_words=6,423 remaining=992
[Worker:RC_2025-12.zst] comments=6,100,000 active_words=6,423 remaining=979
[Worker:RC_2025-09.zst] comments=6,100,000 active_words=6,423 remaining=953
[Worker:RC_2025-12.zst] comments=6,200,000 active_words=6,423 remaining=945
[Worker:RC_2025-09.zst] comments=6,200,000 active_words=6,423 remaining=910
[Worker:RC_2025-12.zst] comments=6,300,000 active_words=6,423 remaining=910
[Worker:RC_2025-09.zst] comments=6,300,000 active_words=6,423 remaining=875
[Worker:RC_2025-12.zst] comments=6,400,000 active_words=6,423 remaining=872
[Worker:RC_2025-09.zst] comments=6,400,000 active_words=6,423 remaining=833
[Worker:RC_2025-12.zst] comments=6,500,000 active_words=6,423 remaining=826
[Worker:RC_2025-09.zst] comments=6,500,000 active_words=6,423 remaining=789
[Worker:RC_2025-12.zst] comments=6,600,000 active_words=6,423 remaining=795
[Worker:RC_2025-09.zst] comments=6,600,000 active_words=6,423 remaining=763
[Worker:RC_2025-12.zst] comments=6,700,000 active_words=6,423 remaining=772
[Worker:RC_2025-09.zst] comments=6,700,000 active_words=6,423 remaining=721
[Worker:RC_2025-12.zst] comments=6,800,000 active_words=6,423 remaining=731
[Worker:RC_2025-09.zst] comments=6,800,000 active_words=6,423 remaining=691
[Worker:RC_2025-12.zst] comments=6,900,000 active_words=6,423 remaining=687
[Worker:RC_2025-09.zst] comments=6,900,000 active_words=6,423 remaining=647
[Worker:RC_2025-12.zst] comments=7,000,000 active_words=6,423 remaining=654
[Worker:RC_2025-09.zst] comments=7,000,000 active_words=6,423 remaining=616
[Worker:RC_2025-12.zst] comments=7,100,000 active_words=6,423 remaining=621
[Worker:RC_2025-09.zst] comments=7,100,000 active_words=6,423 remaining=591
[Worker:RC_2025-12.zst] comments=7,200,000 active_words=6,423 remaining=582
[Worker:RC_2025-09.zst] comments=7,200,000 active_words=6,423 remaining=559
[Worker:RC_2025-12.zst] comments=7,300,000 active_words=6,423 remaining=550
[Worker:RC_2025-09.zst] comments=7,300,000 active_words=6,423 remaining=529
[Worker:RC_2025-12.zst] comments=7,400,000 active_words=6,423 remaining=523
[Worker:RC_2025-09.zst] comments=7,400,000 active_words=6,423 remaining=504
[Worker:RC_2025-12.zst] comments=7,500,000 active_words=6,423 remaining=487
[Worker:RC_2025-09.zst] comments=7,500,000 active_words=6,423 remaining=478
[Worker:RC_2025-12.zst] comments=7,600,000 active_words=6,423 remaining=462
[Worker:RC_2025-09.zst] comments=7,600,000 active_words=6,423 remaining=456
[Worker:RC_2025-12.zst] comments=7,700,000 active_words=6,423 remaining=438
[Worker:RC_2025-09.zst] comments=7,700,000 active_words=6,423 remaining=430
[Worker:RC_2025-12.zst] comments=7,800,000 active_words=6,423 remaining=404
[Worker:RC_2025-09.zst] comments=7,800,000 active_words=6,423 remaining=407
[Worker:RC_2025-12.zst] comments=7,900,000 active_words=6,423 remaining=380
[Worker:RC_2025-09.zst] comments=7,900,000 active_words=6,423 remaining=384
[Worker:RC_2025-12.zst] comments=8,000,000 active_words=6,423 remaining=365
[Worker:RC_2025-09.zst] comments=8,000,000 active_words=6,423 remaining=371
[Worker:RC_2025-09.zst] comments=8,100,000 active_words=6,423 remaining=355
[Worker:RC_2025-12.zst] comments=8,100,000 active_words=6,423 remaining=339
[Worker:RC_2025-09.zst] comments=8,200,000 active_words=6,423 remaining=337
[Worker:RC_2025-12.zst] comments=8,200,000 active_words=6,423 remaining=324
[Worker:RC_2025-09.zst] comments=8,300,000 active_words=6,423 remaining=319
[Worker:RC_2025-12.zst] comments=8,300,000 active_words=6,423 remaining=307
[Worker:RC_2025-09.zst] comments=8,400,000 active_words=6,423 remaining=298
[Worker:RC_2025-12.zst] comments=8,400,000 active_words=6,423 remaining=296
[Worker:RC_2025-09.zst] comments=8,500,000 active_words=6,423 remaining=272
[Worker:RC_2025-12.zst] comments=8,500,000 active_words=6,423 remaining=276
[Worker:RC_2025-09.zst] comments=8,600,000 active_words=6,423 remaining=248
[Worker:RC_2025-12.zst] comments=8,600,000 active_words=6,423 remaining=259
[Worker:RC_2025-09.zst] comments=8,700,000 active_words=6,423 remaining=234
[Worker:RC_2025-12.zst] comments=8,700,000 active_words=6,423 remaining=244
[Worker:RC_2025-09.zst] comments=8,800,000 active_words=6,423 remaining=220
[Worker:RC_2025-12.zst] comments=8,800,000 active_words=6,423 remaining=226
[Worker:RC_2025-09.zst] comments=8,900,000 active_words=6,423 remaining=207
[Worker:RC_2025-12.zst] comments=8,900,000 active_words=6,423 remaining=209
[Worker:RC_2025-09.zst] comments=9,000,000 active_words=6,423 remaining=192
[Worker:RC_2025-12.zst] comments=9,000,000 active_words=6,423 remaining=199
[Worker:RC_2025-09.zst] comments=9,100,000 active_words=6,423 remaining=179
[Worker:RC_2025-12.zst] comments=9,100,000 active_words=6,423 remaining=189
[Worker:RC_2025-09.zst] comments=9,200,000 active_words=6,423 remaining=171
[Worker:RC_2025-12.zst] comments=9,200,000 active_words=6,423 remaining=173
[Worker:RC_2025-09.zst] comments=9,300,000 active_words=6,423 remaining=162
[Worker:RC_2025-12.zst] comments=9,300,000 active_words=6,423 remaining=160
[Worker:RC_2025-09.zst] comments=9,400,000 active_words=6,423 remaining=152
[Worker:RC_2025-12.zst] comments=9,400,000 active_words=6,423 remaining=146
[Worker:RC_2025-09.zst] comments=9,500,000 active_words=6,423 remaining=143
[Worker:RC_2025-12.zst] comments=9,500,000 active_words=6,423 remaining=135
[Worker:RC_2025-09.zst] comments=9,600,000 active_words=6,423 remaining=128
[Worker:RC_2025-12.zst] comments=9,600,000 active_words=6,423 remaining=126
[Worker:RC_2025-09.zst] comments=9,700,000 active_words=6,423 remaining=117
[Worker:RC_2025-12.zst] comments=9,700,000 active_words=6,423 remaining=121
[Worker:RC_2025-09.zst] comments=9,800,000 active_words=6,423 remaining=106
[Worker:RC_2025-12.zst] comments=9,800,000 active_words=6,423 remaining=111
[Worker:RC_2025-09.zst] comments=9,900,000 active_words=6,423 remaining=99
[Worker:RC_2025-12.zst] comments=9,900,000 active_words=6,423 remaining=108
[Worker:RC_2025-09.zst] comments=10,000,000 active_words=6,423 remaining=93
[Worker:RC_2025-12.zst] comments=10,000,000 active_words=6,423 remaining=100
[Worker:RC_2025-09.zst] comments=10,100,000 active_words=6,423 remaining=84
[Worker:RC_2025-12.zst] comments=10,100,000 active_words=6,423 remaining=98
[Worker:RC_2025-09.zst] comments=10,200,000 active_words=6,423 remaining=80
[Worker:RC_2025-12.zst] comments=10,200,000 active_words=6,423 remaining=86
[Worker:RC_2025-09.zst] comments=10,300,000 active_words=6,423 remaining=76
[Worker:RC_2025-12.zst] comments=10,300,000 active_words=6,423 remaining=81
[Worker:RC_2025-09.zst] comments=10,400,000 active_words=6,423 remaining=70
[Worker:RC_2025-12.zst] comments=10,400,000 active_words=6,423 remaining=73
[Worker:RC_2025-09.zst] comments=10,500,000 active_words=6,423 remaining=67
[Worker:RC_2025-12.zst] comments=10,500,000 active_words=6,423 remaining=67
[Worker:RC_2025-09.zst] comments=10,600,000 active_words=6,423 remaining=62
[Worker:RC_2025-12.zst] comments=10,600,000 active_words=6,423 remaining=59
[Worker:RC_2025-09.zst] comments=10,700,000 active_words=6,423 remaining=59
[Worker:RC_2025-12.zst] comments=10,700,000 active_words=6,423 remaining=51
[Worker:RC_2025-09.zst] comments=10,800,000 active_words=6,423 remaining=55
[Worker:RC_2025-12.zst] comments=10,800,000 active_words=6,423 remaining=47
[Worker:RC_2025-09.zst] comments=10,900,000 active_words=6,423 remaining=52
[Worker:RC_2025-12.zst] comments=10,900,000 active_words=6,423 remaining=45
[Worker:RC_2025-09.zst] comments=11,000,000 active_words=6,423 remaining=46
[Worker:RC_2025-12.zst] comments=11,000,000 active_words=6,423 remaining=42
[Worker:RC_2025-12.zst] comments=11,100,000 active_words=6,423 remaining=36
[Worker:RC_2025-09.zst] comments=11,100,000 active_words=6,423 remaining=39
[Worker:RC_2025-12.zst] comments=11,200,000 active_words=6,423 remaining=31
[Worker:RC_2025-09.zst] comments=11,200,000 active_words=6,423 remaining=37
[Worker:RC_2025-12.zst] comments=11,300,000 active_words=6,423 remaining=28
[Worker:RC_2025-09.zst] comments=11,300,000 active_words=6,423 remaining=34
[Worker:RC_2025-12.zst] comments=11,400,000 active_words=6,423 remaining=25
[Worker:RC_2025-09.zst] comments=11,400,000 active_words=6,423 remaining=29
[Worker:RC_2025-12.zst] comments=11,500,000 active_words=6,423 remaining=23
[Worker:RC_2025-09.zst] comments=11,500,000 active_words=6,423 remaining=28
[Worker:RC_2025-12.zst] comments=11,600,000 active_words=6,423 remaining=18
[Worker:RC_2025-09.zst] comments=11,600,000 active_words=6,423 remaining=26
[Worker:RC_2025-12.zst] comments=11,700,000 active_words=6,423 remaining=16
[Worker:RC_2025-09.zst] comments=11,700,000 active_words=6,423 remaining=22
[Worker:RC_2025-12.zst] comments=11,800,000 active_words=6,423 remaining=15
[Worker:RC_2025-09.zst] comments=11,800,000 active_words=6,423 remaining=17
[Worker:RC_2025-12.zst] comments=11,900,000 active_words=6,423 remaining=15
[Worker:RC_2025-09.zst] comments=11,900,000 active_words=6,423 remaining=17
[Worker:RC_2025-12.zst] comments=12,000,000 active_words=6,423 remaining=12
[Worker:RC_2025-09.zst] comments=12,000,000 active_words=6,423 remaining=16
[Worker:RC_2025-12.zst] comments=12,100,000 active_words=6,423 remaining=12
[Worker:RC_2025-09.zst] comments=12,100,000 active_words=6,423 remaining=14
[Worker:RC_2025-12.zst] comments=12,200,000 active_words=6,423 remaining=11
[Worker:RC_2025-09.zst] comments=12,200,000 active_words=6,423 remaining=14
[Worker:RC_2025-12.zst] comments=12,300,000 active_words=6,423 remaining=10
[Worker:RC_2025-09.zst] comments=12,300,000 active_words=6,423 remaining=14
[Worker:RC_2025-12.zst] comments=12,400,000 active_words=6,423 remaining=10
[Worker:RC_2025-09.zst] comments=12,400,000 active_words=6,423 remaining=14
[Worker:RC_2025-12.zst] comments=12,500,000 active_words=6,423 remaining=10
[Worker:RC_2025-09.zst] comments=12,500,000 active_words=6,423 remaining=14
[Worker:RC_2025-12.zst] comments=12,600,000 active_words=6,423 remaining=10
[Worker:RC_2025-09.zst] comments=12,600,000 active_words=6,423 remaining=14
[Worker:RC_2025-12.zst] comments=12,700,000 active_words=6,423 remaining=10
[Worker:RC_2025-09.zst] comments=12,700,000 active_words=6,423 remaining=14
[Worker:RC_2025-12.zst] comments=12,800,000 active_words=6,423 remaining=10
[Worker:RC_2025-09.zst] comments=12,800,000 active_words=6,423 remaining=14
[Worker:RC_2025-12.zst] comments=12,900,000 active_words=6,423 remaining=9
[Worker:RC_2025-09.zst] comments=12,900,000 active_words=6,423 remaining=14
[Worker:RC_2025-12.zst] comments=13,000,000 active_words=6,423 remaining=9
[Worker:RC_2025-09.zst] comments=13,000,000 active_words=6,423 remaining=14
[Worker:RC_2025-12.zst] comments=13,100,000 active_words=6,423 remaining=9
[Worker:RC_2025-09.zst] comments=13,100,000 active_words=6,423 remaining=13
[Worker:RC_2025-12.zst] comments=13,200,000 active_words=6,423 remaining=9
[Worker:RC_2025-09.zst] comments=13,200,000 active_words=6,423 remaining=13
[Worker:RC_2025-12.zst] comments=13,300,000 active_words=6,423 remaining=9
[Worker:RC_2025-09.zst] comments=13,300,000 active_words=6,423 remaining=13
[Worker:RC_2025-12.zst] comments=13,400,000 active_words=6,423 remaining=9
[Worker:RC_2025-09.zst] comments=13,400,000 active_words=6,423 remaining=13
[Worker:RC_2025-12.zst] comments=13,500,000 active_words=6,423 remaining=9
[Worker:RC_2025-09.zst] comments=13,500,000 active_words=6,423 remaining=12
[Worker:RC_2025-12.zst] comments=13,600,000 active_words=6,423 remaining=8
[Worker:RC_2025-09.zst] comments=13,600,000 active_words=6,423 remaining=12
[Worker:RC_2025-12.zst] comments=13,700,000 active_words=6,423 remaining=6
[Worker:RC_2025-09.zst] comments=13,700,000 active_words=6,423 remaining=11
[Worker:RC_2025-12.zst] comments=13,800,000 active_words=6,423 remaining=6
[Worker:RC_2025-09.zst] comments=13,800,000 active_words=6,423 remaining=11
[Worker:RC_2025-12.zst] comments=13,900,000 active_words=6,423 remaining=6
[Worker:RC_2025-09.zst] comments=13,900,000 active_words=6,423 remaining=11
[Worker:RC_2025-12.zst] comments=14,000,000 active_words=6,423 remaining=6
[Worker:RC_2025-09.zst] comments=14,000,000 active_words=6,423 remaining=11
[Worker:RC_2025-12.zst] comments=14,100,000 active_words=6,423 remaining=6
[Worker:RC_2025-09.zst] comments=14,100,000 active_words=6,423 remaining=11
[Worker:RC_2025-12.zst] comments=14,200,000 active_words=6,423 remaining=6
[Worker:RC_2025-09.zst] comments=14,200,000 active_words=6,423 remaining=11
[Worker:RC_2025-12.zst] comments=14,300,000 active_words=6,423 remaining=6
[Worker:RC_2025-09.zst] comments=14,300,000 active_words=6,423 remaining=11
[Worker:RC_2025-12.zst] comments=14,400,000 active_words=6,423 remaining=6
[Worker:RC_2025-09.zst] comments=14,400,000 active_words=6,423 remaining=11
[Worker:RC_2025-12.zst] comments=14,500,000 active_words=6,423 remaining=6
[Worker:RC_2025-09.zst] comments=14,500,000 active_words=6,423 remaining=11
[Worker:RC_2025-12.zst] comments=14,600,000 active_words=6,423 remaining=6
[Worker:RC_2025-09.zst] comments=14,600,000 active_words=6,423 remaining=11
[Worker:RC_2025-12.zst] comments=14,700,000 active_words=6,423 remaining=6
[Worker:RC_2025-09.zst] comments=14,700,000 active_words=6,423 remaining=11
[Worker:RC_2025-12.zst] comments=14,800,000 active_words=6,423 remaining=6
[Worker:RC_2025-09.zst] comments=14,800,000 active_words=6,423 remaining=11
[Worker:RC_2025-12.zst] comments=14,900,000 active_words=6,423 remaining=6
[Worker:RC_2025-09.zst] comments=14,900,000 active_words=6,423 remaining=11
[Worker:RC_2025-12.zst] comments=15,000,000 active_words=6,423 remaining=6
[Worker:RC_2025-09.zst] comments=15,000,000 active_words=6,423 remaining=11
[Worker:RC_2025-12.zst] comments=15,100,000 active_words=6,423 remaining=6
[Worker:RC_2025-09.zst] comments=15,100,000 active_words=6,423 remaining=10
[Worker:RC_2025-12.zst] comments=15,200,000 active_words=6,423 remaining=6
[Worker:RC_2025-09.zst] comments=15,200,000 active_words=6,423 remaining=10
[Worker:RC_2025-12.zst] comments=15,300,000 active_words=6,423 remaining=6
[Worker:RC_2025-09.zst] comments=15,300,000 active_words=6,423 remaining=10
[Worker:RC_2025-12.zst] comments=15,400,000 active_words=6,423 remaining=6
[Worker:RC_2025-09.zst] comments=15,400,000 active_words=6,423 remaining=10
[Worker:RC_2025-12.zst] comments=15,500,000 active_words=6,423 remaining=6
[Worker:RC_2025-09.zst] comments=15,500,000 active_words=6,423 remaining=10
[Worker:RC_2025-12.zst] comments=15,600,000 active_words=6,423 remaining=6
[Worker:RC_2025-09.zst] comments=15,600,000 active_words=6,423 remaining=9
[Worker:RC_2025-12.zst] comments=15,700,000 active_words=6,423 remaining=6
[Worker:RC_2025-09.zst] comments=15,700,000 active_words=6,423 remaining=9
[Worker:RC_2025-12.zst] comments=15,800,000 active_words=6,423 remaining=6
[Worker:RC_2025-09.zst] comments=15,800,000 active_words=6,423 remaining=9
[Worker:RC_2025-12.zst] comments=15,900,000 active_words=6,423 remaining=6
[Worker:RC_2025-09.zst] comments=15,900,000 active_words=6,423 remaining=8
[Worker:RC_2025-12.zst] comments=16,000,000 active_words=6,423 remaining=6
[Worker:RC_2025-09.zst] comments=16,000,000 active_words=6,423 remaining=8
[Worker:RC_2025-12.zst] comments=16,100,000 active_words=6,423 remaining=5
[Worker:RC_2025-09.zst] comments=16,100,000 active_words=6,423 remaining=7
[Worker:RC_2025-12.zst] comments=16,200,000 active_words=6,423 remaining=5
[Worker:RC_2025-09.zst] comments=16,200,000 active_words=6,423 remaining=7
[Worker:RC_2025-12.zst] comments=16,300,000 active_words=6,423 remaining=5
[Worker:RC_2025-09.zst] comments=16,300,000 active_words=6,423 remaining=7
[Worker:RC_2025-12.zst] comments=16,400,000 active_words=6,423 remaining=4
[Worker:RC_2025-09.zst] comments=16,400,000 active_words=6,423 remaining=7
[Worker:RC_2025-12.zst] comments=16,500,000 active_words=6,423 remaining=4
[Worker:RC_2025-09.zst] comments=16,500,000 active_words=6,423 remaining=7
[Worker:RC_2025-12.zst] comments=16,600,000 active_words=6,423 remaining=4
[Worker:RC_2025-09.zst] comments=16,600,000 active_words=6,423 remaining=7
[Worker:RC_2025-12.zst] comments=16,700,000 active_words=6,423 remaining=4
[Worker:RC_2025-09.zst] comments=16,700,000 active_words=6,423 remaining=7
[Worker:RC_2025-12.zst] comments=16,800,000 active_words=6,423 remaining=4
[Worker:RC_2025-09.zst] comments=16,800,000 active_words=6,423 remaining=7
[Worker:RC_2025-12.zst] comments=16,900,000 active_words=6,423 remaining=4
[Worker:RC_2025-12.zst] comments=17,000,000 active_words=6,423 remaining=3
[Worker:RC_2025-09.zst] comments=16,900,000 active_words=6,423 remaining=7
[Worker:RC_2025-12.zst] comments=17,100,000 active_words=6,423 remaining=3
[Worker:RC_2025-09.zst] comments=17,000,000 active_words=6,423 remaining=7
[Worker:RC_2025-12.zst] comments=17,200,000 active_words=6,423 remaining=3
[Worker:RC_2025-09.zst] comments=17,100,000 active_words=6,423 remaining=7
[Worker:RC_2025-12.zst] comments=17,300,000 active_words=6,423 remaining=3
[Worker:RC_2025-09.zst] comments=17,200,000 active_words=6,423 remaining=7
[Worker:RC_2025-12.zst] comments=17,400,000 active_words=6,423 remaining=3
[Worker:RC_2025-09.zst] comments=17,300,000 active_words=6,423 remaining=7
[Worker:RC_2025-12.zst] comments=17,500,000 active_words=6,423 remaining=3
[Worker:RC_2025-09.zst] comments=17,400,000 active_words=6,423 remaining=7
[Worker:RC_2025-12.zst] comments=17,600,000 active_words=6,423 remaining=3
[Worker:RC_2025-09.zst] comments=17,500,000 active_words=6,423 remaining=7
[Worker:RC_2025-12.zst] comments=17,700,000 active_words=6,423 remaining=3
[Worker:RC_2025-09.zst] comments=17,600,000 active_words=6,423 remaining=7
[Worker:RC_2025-12.zst] comments=17,800,000 active_words=6,423 remaining=3
[Worker:RC_2025-09.zst] comments=17,700,000 active_words=6,423 remaining=7
[Worker:RC_2025-12.zst] comments=17,900,000 active_words=6,423 remaining=3
[Worker:RC_2025-09.zst] comments=17,800,000 active_words=6,423 remaining=7
[Worker:RC_2025-12.zst] comments=18,000,000 active_words=6,423 remaining=3
[Worker:RC_2025-09.zst] comments=17,900,000 active_words=6,423 remaining=7
[Worker:RC_2025-12.zst] comments=18,100,000 active_words=6,423 remaining=3
[Worker:RC_2025-09.zst] comments=18,000,000 active_words=6,423 remaining=7
[Worker:RC_2025-12.zst] comments=18,200,000 active_words=6,423 remaining=3
[Worker:RC_2025-09.zst] comments=18,100,000 active_words=6,423 remaining=7
[Worker:RC_2025-12.zst] comments=18,300,000 active_words=6,423 remaining=2
[Worker:RC_2025-09.zst] comments=18,200,000 active_words=6,423 remaining=7
[Worker:RC_2025-12.zst] comments=18,400,000 active_words=6,423 remaining=2
[Worker:RC_2025-09.zst] comments=18,300,000 active_words=6,423 remaining=7
[Worker:RC_2025-12.zst] comments=18,500,000 active_words=6,423 remaining=2
[Worker:RC_2025-09.zst] comments=18,400,000 active_words=6,423 remaining=7
[Worker:RC_2025-12.zst] comments=18,600,000 active_words=6,423 remaining=2
[Worker:RC_2025-09.zst] comments=18,500,000 active_words=6,423 remaining=7
[Worker:RC_2025-12.zst] comments=18,700,000 active_words=6,423 remaining=2
[Worker:RC_2025-09.zst] comments=18,600,000 active_words=6,423 remaining=7
[Worker:RC_2025-12.zst] comments=18,800,000 active_words=6,423 remaining=2
[Worker:RC_2025-09.zst] comments=18,700,000 active_words=6,423 remaining=6
[Worker:RC_2025-12.zst] comments=18,900,000 active_words=6,423 remaining=2
[Worker:RC_2025-09.zst] comments=18,800,000 active_words=6,423 remaining=6
[Worker:RC_2025-12.zst] comments=19,000,000 active_words=6,423 remaining=2
[Worker:RC_2025-09.zst] comments=18,900,000 active_words=6,423 remaining=5
[Worker:RC_2025-12.zst] comments=19,100,000 active_words=6,423 remaining=2
[Worker:RC_2025-09.zst] comments=19,000,000 active_words=6,423 remaining=4
[Worker:RC_2025-12.zst] comments=19,200,000 active_words=6,423 remaining=2
[Worker:RC_2025-09.zst] comments=19,100,000 active_words=6,423 remaining=4
[Worker:RC_2025-12.zst] comments=19,300,000 active_words=6,423 remaining=2
[Worker:RC_2025-09.zst] comments=19,200,000 active_words=6,423 remaining=4
[Worker:RC_2025-12.zst] comments=19,400,000 active_words=6,423 remaining=2
[Worker:RC_2025-09.zst] comments=19,300,000 active_words=6,423 remaining=4
[Worker:RC_2025-12.zst] comments=19,500,000 active_words=6,423 remaining=2
[Worker:RC_2025-09.zst] comments=19,400,000 active_words=6,423 remaining=4
[Worker:RC_2025-12.zst] comments=19,600,000 active_words=6,423 remaining=2
[Worker:RC_2025-09.zst] comments=19,500,000 active_words=6,423 remaining=4
[Worker:RC_2025-12.zst] comments=19,700,000 active_words=6,423 remaining=2
[Worker:RC_2025-09.zst] comments=19,600,000 active_words=6,423 remaining=4
[Worker:RC_2025-12.zst] comments=19,800,000 active_words=6,423 remaining=2
[Worker:RC_2025-09.zst] comments=19,700,000 active_words=6,423 remaining=4
[Worker:RC_2025-12.zst] comments=19,900,000 active_words=6,423 remaining=2
[Worker:RC_2025-09.zst] comments=19,800,000 active_words=6,423 remaining=4
[Worker:RC_2025-12.zst] comments=20,000,000 active_words=6,423 remaining=2
[Worker:RC_2025-09.zst] comments=19,900,000 active_words=6,423 remaining=4
[Worker:RC_2025-12.zst] comments=20,100,000 active_words=6,423 remaining=2
[Worker:RC_2025-09.zst] comments=20,000,000 active_words=6,423 remaining=4
[Worker:RC_2025-12.zst] comments=20,200,000 active_words=6,423 remaining=2
[Worker:RC_2025-09.zst] comments=20,100,000 active_words=6,423 remaining=4
[Worker:RC_2025-12.zst] comments=20,300,000 active_words=6,423 remaining=2
[Worker:RC_2025-09.zst] comments=20,200,000 active_words=6,423 remaining=4
[Worker:RC_2025-12.zst] comments=20,400,000 active_words=6,423 remaining=2
[Worker:RC_2025-09.zst] comments=20,300,000 active_words=6,423 remaining=4
[Worker:RC_2025-12.zst] comments=20,500,000 active_words=6,423 remaining=2
[Worker:RC_2025-09.zst] comments=20,400,000 active_words=6,423 remaining=4
[Worker:RC_2025-12.zst] comments=20,600,000 active_words=6,423 remaining=2
[Worker:RC_2025-09.zst] comments=20,500,000 active_words=6,423 remaining=4
[Worker:RC_2025-12.zst] comments=20,700,000 active_words=6,423 remaining=2
[Worker:RC_2025-09.zst] comments=20,600,000 active_words=6,423 remaining=4
[Worker:RC_2025-12.zst] comments=20,800,000 active_words=6,423 remaining=2
[Worker:RC_2025-09.zst] comments=20,700,000 active_words=6,423 remaining=4
[Worker:RC_2025-12.zst] comments=20,900,000 active_words=6,423 remaining=2
[Worker:RC_2025-09.zst] comments=20,800,000 active_words=6,423 remaining=4
[Worker:RC_2025-12.zst] comments=21,000,000 active_words=6,423 remaining=1
[Worker:RC_2025-09.zst] comments=20,900,000 active_words=6,423 remaining=4
[Worker:RC_2025-12.zst] comments=21,100,000 active_words=6,423 remaining=1
[Worker:RC_2025-09.zst] comments=21,000,000 active_words=6,423 remaining=4
[Worker:RC_2025-12.zst] comments=21,200,000 active_words=6,423 remaining=1
[Worker:RC_2025-09.zst] comments=21,100,000 active_words=6,423 remaining=4
[Worker:RC_2025-12.zst] comments=21,300,000 active_words=6,423 remaining=1
[Worker:RC_2025-09.zst] comments=21,200,000 active_words=6,423 remaining=4
[Worker:RC_2025-12.zst] comments=21,400,000 active_words=6,423 remaining=1
[Worker:RC_2025-09.zst] comments=21,300,000 active_words=6,423 remaining=4
[Worker:RC_2025-12.zst] comments=21,500,000 active_words=6,423 remaining=1
[Worker:RC_2025-09.zst] comments=21,400,000 active_words=6,423 remaining=4
[Worker:RC_2025-12.zst] comments=21,600,000 active_words=6,423 remaining=1
[Worker:RC_2025-09.zst] comments=21,500,000 active_words=6,423 remaining=4
[Worker:RC_2025-12.zst] comments=21,700,000 active_words=6,423 remaining=1
[Worker:RC_2025-09.zst] comments=21,600,000 active_words=6,423 remaining=4
[Worker:RC_2025-12.zst] comments=21,800,000 active_words=6,423 remaining=1
[Worker:RC_2025-09.zst] comments=21,700,000 active_words=6,423 remaining=4
[Worker:RC_2025-12.zst] comments=21,900,000 active_words=6,423 remaining=1
[Worker:RC_2025-09.zst] comments=21,800,000 active_words=6,423 remaining=4
[Worker:RC_2025-12.zst] comments=22,000,000 active_words=6,423 remaining=1
[Worker:RC_2025-12.zst] comments=22,100,000 active_words=6,423 remaining=1
[Worker:RC_2025-09.zst] comments=21,900,000 active_words=6,423 remaining=4
[Worker:RC_2025-12.zst] comments=22,200,000 active_words=6,423 remaining=1
[Worker:RC_2025-09.zst] comments=22,000,000 active_words=6,423 remaining=4
[Worker:RC_2025-12.zst] comments=22,300,000 active_words=6,423 remaining=1
[Worker:RC_2025-09.zst] comments=22,100,000 active_words=6,423 remaining=4
[Worker:RC_2025-12.zst] comments=22,400,000 active_words=6,423 remaining=1
[Worker:RC_2025-09.zst] comments=22,200,000 active_words=6,423 remaining=4
[Worker:RC_2025-12.zst] comments=22,500,000 active_words=6,423 remaining=1
[Worker:RC_2025-09.zst] comments=22,300,000 active_words=6,423 remaining=4
[Worker:RC_2025-12.zst] comments=22,600,000 active_words=6,423 remaining=1
[Worker:RC_2025-09.zst] comments=22,400,000 active_words=6,423 remaining=4
[Worker:RC_2025-12.zst] comments=22,700,000 active_words=6,423 remaining=1
[Worker:RC_2025-09.zst] comments=22,500,000 active_words=6,423 remaining=4
[Worker:RC_2025-12.zst] comments=22,800,000 active_words=6,423 remaining=1
[Worker:RC_2025-09.zst] comments=22,600,000 active_words=6,423 remaining=4
[Worker:RC_2025-12.zst] comments=22,900,000 active_words=6,423 remaining=1
[Worker:RC_2025-09.zst] comments=22,700,000 active_words=6,423 remaining=4
[Worker:RC_2025-12.zst] comments=23,000,000 active_words=6,423 remaining=1
[Worker:RC_2025-09.zst] comments=22,800,000 active_words=6,423 remaining=4
[Worker:RC_2025-12.zst] comments=23,100,000 active_words=6,423 remaining=1
[Worker:RC_2025-09.zst] comments=22,900,000 active_words=6,423 remaining=4
[Worker:RC_2025-12.zst] comments=23,200,000 active_words=6,423 remaining=1
[Worker:RC_2025-09.zst] comments=23,000,000 active_words=6,423 remaining=4
[Worker:RC_2025-12.zst] comments=23,300,000 active_words=6,423 remaining=1
[Worker:RC_2025-09.zst] comments=23,100,000 active_words=6,423 remaining=4
[Worker:RC_2025-12.zst] comments=23,400,000 active_words=6,423 remaining=1
[Worker:RC_2025-09.zst] comments=23,200,000 active_words=6,423 remaining=4
[Worker:RC_2025-12.zst] comments=23,500,000 active_words=6,423 remaining=1
[Worker:RC_2025-09.zst] comments=23,300,000 active_words=6,423 remaining=4
[Worker:RC_2025-12.zst] comments=23,600,000 active_words=6,423 remaining=1
[Worker:RC_2025-09.zst] comments=23,400,000 active_words=6,423 remaining=4
[Worker:RC_2025-12.zst] comments=23,700,000 active_words=6,423 remaining=1
[Worker:RC_2025-09.zst] comments=23,500,000 active_words=6,423 remaining=3
[Worker:RC_2025-12.zst] comments=23,800,000 active_words=6,423 remaining=1
[Worker:RC_2025-09.zst] comments=23,600,000 active_words=6,423 remaining=3
[Worker:RC_2025-12.zst] comments=23,900,000 active_words=6,423 remaining=1
[Worker:RC_2025-09.zst] comments=23,700,000 active_words=6,423 remaining=3
[Worker:RC_2025-12.zst] comments=24,000,000 active_words=6,423 remaining=1
[Worker:RC_2025-09.zst] comments=23,800,000 active_words=6,423 remaining=3
[Worker:RC_2025-12.zst] comments=24,100,000 active_words=6,423 remaining=1
[Worker:RC_2025-09.zst] comments=23,900,000 active_words=6,423 remaining=3
[Worker:RC_2025-12.zst] comments=24,200,000 active_words=6,423 remaining=1
[Worker:RC_2025-09.zst] comments=24,000,000 active_words=6,423 remaining=3
[Worker:RC_2025-12.zst] All targets filled at 24,270,068 comments -- stopping early
[Worker:RC_2025-12.zst] Scan done - writing partial results
[Worker:RC_2025-12.zst] Written: C:\Users\User\AppData\Local\Temp\tmp8dphj9ss_ctx_worker1.jsonl
[Worker:RC_2025-09.zst] comments=24,100,000 active_words=6,423 remaining=3
[Worker:RC_2025-09.zst] comments=24,200,000 active_words=6,423 remaining=3
[Worker:RC_2025-09.zst] comments=24,300,000 active_words=6,423 remaining=3
[Worker:RC_2025-09.zst] comments=24,400,000 active_words=6,423 remaining=3
[Worker:RC_2025-09.zst] comments=24,500,000 active_words=6,423 remaining=3
[Worker:RC_2025-09.zst] comments=24,600,000 active_words=6,423 remaining=3
[Worker:RC_2025-09.zst] comments=24,700,000 active_words=6,423 remaining=3
[Worker:RC_2025-09.zst] comments=24,800,000 active_words=6,423 remaining=3
[Worker:RC_2025-09.zst] comments=24,900,000 active_words=6,423 remaining=3
[Worker:RC_2025-09.zst] comments=25,000,000 active_words=6,423 remaining=3
[Worker:RC_2025-09.zst] comments=25,100,000 active_words=6,423 remaining=3
[Worker:RC_2025-09.zst] comments=25,200,000 active_words=6,423 remaining=3
[Worker:RC_2025-09.zst] comments=25,300,000 active_words=6,423 remaining=3
[Worker:RC_2025-09.zst] comments=25,400,000 active_words=6,423 remaining=3
[Worker:RC_2025-09.zst] comments=25,500,000 active_words=6,423 remaining=3
[Worker:RC_2025-09.zst] comments=25,600,000 active_words=6,423 remaining=3
[Worker:RC_2025-09.zst] comments=25,700,000 active_words=6,423 remaining=3
[Worker:RC_2025-09.zst] comments=25,800,000 active_words=6,423 remaining=3
[Worker:RC_2025-09.zst] comments=25,900,000 active_words=6,423 remaining=3
[Worker:RC_2025-09.zst] comments=26,000,000 active_words=6,423 remaining=3
[Worker:RC_2025-09.zst] comments=26,100,000 active_words=6,423 remaining=3
[Worker:RC_2025-09.zst] comments=26,200,000 active_words=6,423 remaining=3
[Worker:RC_2025-09.zst] comments=26,300,000 active_words=6,423 remaining=3
[Worker:RC_2025-09.zst] comments=26,400,000 active_words=6,423 remaining=3
[Worker:RC_2025-09.zst] comments=26,500,000 active_words=6,423 remaining=2
[Worker:RC_2025-09.zst] comments=26,600,000 active_words=6,423 remaining=2
[Worker:RC_2025-09.zst] comments=26,700,000 active_words=6,423 remaining=2
[Worker:RC_2025-09.zst] comments=26,800,000 active_words=6,423 remaining=2
[Worker:RC_2025-09.zst] comments=26,900,000 active_words=6,423 remaining=2
[Worker:RC_2025-09.zst] comments=27,000,000 active_words=6,423 remaining=2
[Worker:RC_2025-09.zst] comments=27,100,000 active_words=6,423 remaining=2
[Worker:RC_2025-09.zst] comments=27,200,000 active_words=6,423 remaining=2
[Worker:RC_2025-09.zst] comments=27,300,000 active_words=6,423 remaining=2
[Worker:RC_2025-09.zst] comments=27,400,000 active_words=6,423 remaining=1
[Worker:RC_2025-09.zst] comments=27,500,000 active_words=6,423 remaining=1
[Worker:RC_2025-09.zst] comments=27,600,000 active_words=6,423 remaining=1
[Worker:RC_2025-09.zst] comments=27,700,000 active_words=6,423 remaining=1
[Worker:RC_2025-09.zst] comments=27,800,000 active_words=6,423 remaining=1
[Worker:RC_2025-09.zst] comments=27,900,000 active_words=6,423 remaining=1
[Worker:RC_2025-09.zst] comments=28,000,000 active_words=6,423 remaining=1
[Worker:RC_2025-09.zst] comments=28,100,000 active_words=6,423 remaining=1
[Worker:RC_2025-09.zst] comments=28,200,000 active_words=6,423 remaining=1
[Worker:RC_2025-09.zst] comments=28,300,000 active_words=6,423 remaining=1
[Worker:RC_2025-09.zst] comments=28,400,000 active_words=6,423 remaining=1
[Worker:RC_2025-09.zst] comments=28,500,000 active_words=6,423 remaining=1
[Worker:RC_2025-09.zst] comments=28,600,000 active_words=6,423 remaining=1
[Worker:RC_2025-09.zst] comments=28,700,000 active_words=6,423 remaining=1
[Worker:RC_2025-09.zst] comments=28,800,000 active_words=6,423 remaining=1
[Worker:RC_2025-09.zst] comments=28,900,000 active_words=6,423 remaining=1
[Worker:RC_2025-09.zst] comments=29,000,000 active_words=6,423 remaining=1
[Worker:RC_2025-09.zst] comments=29,100,000 active_words=6,423 remaining=1
[Worker:RC_2025-09.zst] comments=29,200,000 active_words=6,423 remaining=1
[Worker:RC_2025-09.zst] comments=29,300,000 active_words=6,423 remaining=1
[Worker:RC_2025-09.zst] comments=29,400,000 active_words=6,423 remaining=1
[Worker:RC_2025-09.zst] comments=29,500,000 active_words=6,423 remaining=1
[Worker:RC_2025-09.zst] comments=29,600,000 active_words=6,423 remaining=1
[Worker:RC_2025-09.zst] comments=29,700,000 active_words=6,423 remaining=1
[Worker:RC_2025-09.zst] comments=29,800,000 active_words=6,423 remaining=1
[Worker:RC_2025-09.zst] comments=29,900,000 active_words=6,423 remaining=1
[Worker:RC_2025-09.zst] comments=30,000,000 active_words=6,423 remaining=1
[Worker:RC_2025-09.zst] comments=30,100,000 active_words=6,423 remaining=1
[Worker:RC_2025-09.zst] comments=30,200,000 active_words=6,423 remaining=1
[Worker:RC_2025-09.zst] comments=30,300,000 active_words=6,423 remaining=1
[Worker:RC_2025-09.zst] comments=30,400,000 active_words=6,423 remaining=1
[Worker:RC_2025-09.zst] comments=30,500,000 active_words=6,423 remaining=1
[Worker:RC_2025-09.zst] comments=30,600,000 active_words=6,423 remaining=1
[Worker:RC_2025-09.zst] comments=30,700,000 active_words=6,423 remaining=1
[Worker:RC_2025-09.zst] comments=30,800,000 active_words=6,423 remaining=1
[Worker:RC_2025-09.zst] comments=30,900,000 active_words=6,423 remaining=1
[Worker:RC_2025-09.zst] comments=31,000,000 active_words=6,423 remaining=1
[Worker:RC_2025-09.zst] comments=31,100,000 active_words=6,423 remaining=1
[Worker:RC_2025-09.zst] comments=31,200,000 active_words=6,423 remaining=1
[Worker:RC_2025-09.zst] comments=31,300,000 active_words=6,423 remaining=1
[Worker:RC_2025-09.zst] comments=31,400,000 active_words=6,423 remaining=1
[Worker:RC_2025-09.zst] comments=31,500,000 active_words=6,423 remaining=1
[Worker:RC_2025-09.zst] comments=31,600,000 active_words=6,423 remaining=1
[Worker:RC_2025-09.zst] comments=31,700,000 active_words=6,423 remaining=1
[Worker:RC_2025-09.zst] comments=31,800,000 active_words=6,423 remaining=1
[Worker:RC_2025-09.zst] comments=31,900,000 active_words=6,423 remaining=1
[Worker:RC_2025-09.zst] comments=32,000,000 active_words=6,423 remaining=1
[Worker:RC_2025-09.zst] comments=32,100,000 active_words=6,423 remaining=1
[Worker:RC_2025-09.zst] comments=32,200,000 active_words=6,423 remaining=1
[Worker:RC_2025-09.zst] comments=32,300,000 active_words=6,423 remaining=1
[Worker:RC_2025-09.zst] comments=32,400,000 active_words=6,423 remaining=1
[Worker:RC_2025-09.zst] comments=32,500,000 active_words=6,423 remaining=1
[Worker:RC_2025-09.zst] comments=32,600,000 active_words=6,423 remaining=1
[Worker:RC_2025-09.zst] comments=32,700,000 active_words=6,423 remaining=1
[Worker:RC_2025-09.zst] comments=32,800,000 active_words=6,423 remaining=1
[Worker:RC_2025-09.zst] comments=32,900,000 active_words=6,423 remaining=1
[Worker:RC_2025-09.zst] comments=33,000,000 active_words=6,423 remaining=1
[Worker:RC_2025-09.zst] comments=33,100,000 active_words=6,423 remaining=1
[Worker:RC_2025-09.zst] comments=33,200,000 active_words=6,423 remaining=1
[Worker:RC_2025-09.zst] comments=33,300,000 active_words=6,423 remaining=1
[Worker:RC_2025-09.zst] comments=33,400,000 active_words=6,423 remaining=1
[Worker:RC_2025-09.zst] comments=33,500,000 active_words=6,423 remaining=1
[Worker:RC_2025-09.zst] comments=33,600,000 active_words=6,423 remaining=1
[Worker:RC_2025-09.zst] comments=33,700,000 active_words=6,423 remaining=1
[Worker:RC_2025-09.zst] comments=33,800,000 active_words=6,423 remaining=1
[Worker:RC_2025-09.zst] comments=33,900,000 active_words=6,423 remaining=1
[Worker:RC_2025-09.zst] comments=34,000,000 active_words=6,423 remaining=1
[Worker:RC_2025-09.zst] comments=34,100,000 active_words=6,423 remaining=1
[Worker:RC_2025-09.zst] comments=34,200,000 active_words=6,423 remaining=1
[Worker:RC_2025-09.zst] comments=34,300,000 active_words=6,423 remaining=1
[Worker:RC_2025-09.zst] comments=34,400,000 active_words=6,423 remaining=1
[Worker:RC_2025-09.zst] comments=34,500,000 active_words=6,423 remaining=1
[Worker:RC_2025-09.zst] comments=34,600,000 active_words=6,423 remaining=1
[Worker:RC_2025-09.zst] comments=34,700,000 active_words=6,423 remaining=1
[Worker:RC_2025-09.zst] comments=34,800,000 active_words=6,423 remaining=1
[Worker:RC_2025-09.zst] comments=34,900,000 active_words=6,423 remaining=1
[Worker:RC_2025-09.zst] comments=35,000,000 active_words=6,423 remaining=1
[Worker:RC_2025-09.zst] comments=35,100,000 active_words=6,423 remaining=1
[Worker:RC_2025-09.zst] comments=35,200,000 active_words=6,423 remaining=1
[Worker:RC_2025-09.zst] comments=35,300,000 active_words=6,423 remaining=1
[Worker:RC_2025-09.zst] comments=35,400,000 active_words=6,423 remaining=1
[Worker:RC_2025-09.zst] comments=35,500,000 active_words=6,423 remaining=1
[Worker:RC_2025-09.zst] comments=35,600,000 active_words=6,423 remaining=1
[Worker:RC_2025-09.zst] comments=35,700,000 active_words=6,423 remaining=1
[Worker:RC_2025-09.zst] comments=35,800,000 active_words=6,423 remaining=1
[Worker:RC_2025-09.zst] comments=35,900,000 active_words=6,423 remaining=1
[Worker:RC_2025-09.zst] comments=36,000,000 active_words=6,423 remaining=1
[Worker:RC_2025-09.zst] comments=36,100,000 active_words=6,423 remaining=1
[Worker:RC_2025-09.zst] comments=36,200,000 active_words=6,423 remaining=1
[Worker:RC_2025-09.zst] comments=36,300,000 active_words=6,423 remaining=1
[Worker:RC_2025-09.zst] comments=36,400,000 active_words=6,423 remaining=1
[Worker:RC_2025-09.zst] comments=36,500,000 active_words=6,423 remaining=1
[Worker:RC_2025-09.zst] comments=36,600,000 active_words=6,423 remaining=1
[Worker:RC_2025-09.zst] comments=36,700,000 active_words=6,423 remaining=1
[Worker:RC_2025-09.zst] comments=36,800,000 active_words=6,423 remaining=1
[Worker:RC_2025-09.zst] comments=36,900,000 active_words=6,423 remaining=1
[Worker:RC_2025-09.zst] comments=37,000,000 active_words=6,423 remaining=1
[Worker:RC_2025-09.zst] comments=37,100,000 active_words=6,423 remaining=1
[Worker:RC_2025-09.zst] comments=37,200,000 active_words=6,423 remaining=1
[Worker:RC_2025-09.zst] comments=37,300,000 active_words=6,423 remaining=1
[Worker:RC_2025-09.zst] comments=37,400,000 active_words=6,423 remaining=1
[Worker:RC_2025-09.zst] comments=37,500,000 active_words=6,423 remaining=1
[Worker:RC_2025-09.zst] comments=37,600,000 active_words=6,423 remaining=1
[Worker:RC_2025-09.zst] comments=37,700,000 active_words=6,423 remaining=1
[Worker:RC_2025-09.zst] comments=37,800,000 active_words=6,423 remaining=1
[Worker:RC_2025-09.zst] comments=37,900,000 active_words=6,423 remaining=1
[Worker:RC_2025-09.zst] comments=38,000,000 active_words=6,423 remaining=1
[Worker:RC_2025-09.zst] comments=38,100,000 active_words=6,423 remaining=1
[Worker:RC_2025-09.zst] comments=38,200,000 active_words=6,423 remaining=1
[Worker:RC_2025-09.zst] comments=38,300,000 active_words=6,423 remaining=1
[Worker:RC_2025-09.zst] comments=38,400,000 active_words=6,423 remaining=1
[Worker:RC_2025-09.zst] comments=38,500,000 active_words=6,423 remaining=1
[Worker:RC_2025-09.zst] comments=38,600,000 active_words=6,423 remaining=1
[Worker:RC_2025-09.zst] comments=38,700,000 active_words=6,423 remaining=1
[Worker:RC_2025-09.zst] comments=38,800,000 active_words=6,423 remaining=1
[Worker:RC_2025-09.zst] comments=38,900,000 active_words=6,423 remaining=1
[Worker:RC_2025-09.zst] comments=39,000,000 active_words=6,423 remaining=1
[Worker:RC_2025-09.zst] comments=39,100,000 active_words=6,423 remaining=1
[Worker:RC_2025-09.zst] comments=39,200,000 active_words=6,423 remaining=1
[Worker:RC_2025-09.zst] comments=39,300,000 active_words=6,423 remaining=1
[Worker:RC_2025-09.zst] comments=39,400,000 active_words=6,423 remaining=1
[Worker:RC_2025-09.zst] comments=39,500,000 active_words=6,423 remaining=1
[Worker:RC_2025-09.zst] comments=39,600,000 active_words=6,423 remaining=1
[Worker:RC_2025-09.zst] comments=39,700,000 active_words=6,423 remaining=1
[Worker:RC_2025-09.zst] comments=39,800,000 active_words=6,423 remaining=1
[Worker:RC_2025-09.zst] comments=39,900,000 active_words=6,423 remaining=1
[Worker:RC_2025-09.zst] comments=40,000,000 active_words=6,423 remaining=1
[Worker:RC_2025-09.zst] comments=40,100,000 active_words=6,423 remaining=1
[Worker:RC_2025-09.zst] comments=40,200,000 active_words=6,423 remaining=1
[Worker:RC_2025-09.zst] comments=40,300,000 active_words=6,423 remaining=1
[Worker:RC_2025-09.zst] comments=40,400,000 active_words=6,423 remaining=1
[Worker:RC_2025-09.zst] comments=40,500,000 active_words=6,423 remaining=1
[Worker:RC_2025-09.zst] comments=40,600,000 active_words=6,423 remaining=1
[Worker:RC_2025-09.zst] comments=40,700,000 active_words=6,423 remaining=1
[Worker:RC_2025-09.zst] comments=40,800,000 active_words=6,423 remaining=1
[Worker:RC_2025-09.zst] comments=40,900,000 active_words=6,423 remaining=1
[Worker:RC_2025-09.zst] comments=41,000,000 active_words=6,423 remaining=1
[Worker:RC_2025-09.zst] comments=41,100,000 active_words=6,423 remaining=1
[Worker:RC_2025-09.zst] comments=41,200,000 active_words=6,423 remaining=1
[Worker:RC_2025-09.zst] comments=41,300,000 active_words=6,423 remaining=1
[Worker:RC_2025-09.zst] comments=41,400,000 active_words=6,423 remaining=1
[Worker:RC_2025-09.zst] comments=41,500,000 active_words=6,423 remaining=1
[Worker:RC_2025-09.zst] comments=41,600,000 active_words=6,423 remaining=1
[Worker:RC_2025-09.zst] comments=41,700,000 active_words=6,423 remaining=1
[Worker:RC_2025-09.zst] comments=41,800,000 active_words=6,423 remaining=1
[Worker:RC_2025-09.zst] comments=41,900,000 active_words=6,423 remaining=1
[Worker:RC_2025-09.zst] comments=42,000,000 active_words=6,423 remaining=1
[Worker:RC_2025-09.zst] comments=42,100,000 active_words=6,423 remaining=1
[Worker:RC_2025-09.zst] comments=42,200,000 active_words=6,423 remaining=1
[Worker:RC_2025-09.zst] comments=42,300,000 active_words=6,423 remaining=1
[Worker:RC_2025-09.zst] comments=42,400,000 active_words=6,423 remaining=1
[Worker:RC_2025-09.zst] comments=42,500,000 active_words=6,423 remaining=1
[Worker:RC_2025-09.zst] comments=42,600,000 active_words=6,423 remaining=1
[Worker:RC_2025-09.zst] comments=42,700,000 active_words=6,423 remaining=1
[Worker:RC_2025-09.zst] comments=42,800,000 active_words=6,423 remaining=1
[Worker:RC_2025-09.zst] comments=42,900,000 active_words=6,423 remaining=1
[Worker:RC_2025-09.zst] comments=43,000,000 active_words=6,423 remaining=1
[Worker:RC_2025-09.zst] comments=43,100,000 active_words=6,423 remaining=1
[Worker:RC_2025-09.zst] comments=43,200,000 active_words=6,423 remaining=1
[Worker:RC_2025-09.zst] comments=43,300,000 active_words=6,423 remaining=1
[Worker:RC_2025-09.zst] comments=43,400,000 active_words=6,423 remaining=1
[Worker:RC_2025-09.zst] comments=43,500,000 active_words=6,423 remaining=1
[Worker:RC_2025-09.zst] comments=43,600,000 active_words=6,423 remaining=1
[Worker:RC_2025-09.zst] comments=43,700,000 active_words=6,423 remaining=1
[Worker:RC_2025-09.zst] comments=43,800,000 active_words=6,423 remaining=1
[Worker:RC_2025-09.zst] comments=43,900,000 active_words=6,423 remaining=1
[Worker:RC_2025-09.zst] comments=44,000,000 active_words=6,423 remaining=1
[Worker:RC_2025-09.zst] comments=44,100,000 active_words=6,423 remaining=1
[Worker:RC_2025-09.zst] comments=44,200,000 active_words=6,423 remaining=1
[Worker:RC_2025-09.zst] comments=44,300,000 active_words=6,423 remaining=1
[Worker:RC_2025-09.zst] comments=44,400,000 active_words=6,423 remaining=1
[Worker:RC_2025-09.zst] comments=44,500,000 active_words=6,423 remaining=1
[Worker:RC_2025-09.zst] comments=44,600,000 active_words=6,423 remaining=1
[Worker:RC_2025-09.zst] comments=44,700,000 active_words=6,423 remaining=1
[Worker:RC_2025-09.zst] comments=44,800,000 active_words=6,423 remaining=1
[Worker:RC_2025-09.zst] comments=44,900,000 active_words=6,423 remaining=1
[Worker:RC_2025-09.zst] comments=45,000,000 active_words=6,423 remaining=1
[Worker:RC_2025-09.zst] comments=45,100,000 active_words=6,423 remaining=1
[Worker:RC_2025-09.zst] comments=45,200,000 active_words=6,423 remaining=1
[Worker:RC_2025-09.zst] comments=45,300,000 active_words=6,423 remaining=1
[Worker:RC_2025-09.zst] comments=45,400,000 active_words=6,423 remaining=1
[Worker:RC_2025-09.zst] comments=45,500,000 active_words=6,423 remaining=1
[Worker:RC_2025-09.zst] comments=45,600,000 active_words=6,423 remaining=1
[Worker:RC_2025-09.zst] comments=45,700,000 active_words=6,423 remaining=1
[Worker:RC_2025-09.zst] comments=45,800,000 active_words=6,423 remaining=1
[Worker:RC_2025-09.zst] comments=45,900,000 active_words=6,423 remaining=1
[Worker:RC_2025-09.zst] comments=46,000,000 active_words=6,423 remaining=1
[Worker:RC_2025-09.zst] comments=46,100,000 active_words=6,423 remaining=1
[Worker:RC_2025-09.zst] comments=46,200,000 active_words=6,423 remaining=1
[Worker:RC_2025-09.zst] comments=46,300,000 active_words=6,423 remaining=1
[Worker:RC_2025-09.zst] comments=46,400,000 active_words=6,423 remaining=1
[Worker:RC_2025-09.zst] comments=46,500,000 active_words=6,423 remaining=1
[Worker:RC_2025-09.zst] comments=46,600,000 active_words=6,423 remaining=1
[Worker:RC_2025-09.zst] comments=46,700,000 active_words=6,423 remaining=1
[Worker:RC_2025-09.zst] comments=46,800,000 active_words=6,423 remaining=1
[Worker:RC_2025-09.zst] comments=46,900,000 active_words=6,423 remaining=1
[Worker:RC_2025-09.zst] comments=47,000,000 active_words=6,423 remaining=1
[Worker:RC_2025-09.zst] comments=47,100,000 active_words=6,423 remaining=1
[Worker:RC_2025-09.zst] comments=47,200,000 active_words=6,423 remaining=1
[Worker:RC_2025-09.zst] comments=47,300,000 active_words=6,423 remaining=1
[Worker:RC_2025-09.zst] comments=47,400,000 active_words=6,423 remaining=1
[Worker:RC_2025-09.zst] comments=47,500,000 active_words=6,423 remaining=1
[Worker:RC_2025-09.zst] comments=47,600,000 active_words=6,423 remaining=1
[Worker:RC_2025-09.zst] comments=47,700,000 active_words=6,423 remaining=1
[Worker:RC_2025-09.zst] comments=47,800,000 active_words=6,423 remaining=1
[Worker:RC_2025-09.zst] comments=47,900,000 active_words=6,423 remaining=1
[Worker:RC_2025-09.zst] comments=48,000,000 active_words=6,423 remaining=1
[Worker:RC_2025-09.zst] comments=48,100,000 active_words=6,423 remaining=1
[Worker:RC_2025-09.zst] comments=48,200,000 active_words=6,423 remaining=1
[Worker:RC_2025-09.zst] comments=48,300,000 active_words=6,423 remaining=1
[Worker:RC_2025-09.zst] comments=48,400,000 active_words=6,423 remaining=1
[Worker:RC_2025-09.zst] comments=48,500,000 active_words=6,423 remaining=1
[Worker:RC_2025-09.zst] comments=48,600,000 active_words=6,423 remaining=1
[Worker:RC_2025-09.zst] comments=48,700,000 active_words=6,423 remaining=1
[Worker:RC_2025-09.zst] comments=48,800,000 active_words=6,423 remaining=1
[Worker:RC_2025-09.zst] comments=48,900,000 active_words=6,423 remaining=1
[Worker:RC_2025-09.zst] comments=49,000,000 active_words=6,423 remaining=1
[Worker:RC_2025-09.zst] comments=49,100,000 active_words=6,423 remaining=1
[Worker:RC_2025-09.zst] comments=49,200,000 active_words=6,423 remaining=1
[Worker:RC_2025-09.zst] comments=49,300,000 active_words=6,423 remaining=1
[Worker:RC_2025-09.zst] comments=49,400,000 active_words=6,423 remaining=1
[Worker:RC_2025-09.zst] comments=49,500,000 active_words=6,423 remaining=1
[Worker:RC_2025-09.zst] comments=49,600,000 active_words=6,423 remaining=1
[Worker:RC_2025-09.zst] comments=49,700,000 active_words=6,423 remaining=1
[Worker:RC_2025-09.zst] comments=49,800,000 active_words=6,423 remaining=1
[Worker:RC_2025-09.zst] comments=49,900,000 active_words=6,423 remaining=1
[Worker:RC_2025-09.zst] comments=50,000,000 active_words=6,423 remaining=1
[Worker:RC_2025-09.zst] comments=50,100,000 active_words=6,423 remaining=1
[Worker:RC_2025-09.zst] comments=50,200,000 active_words=6,423 remaining=1
[Worker:RC_2025-09.zst] comments=50,300,000 active_words=6,423 remaining=1
[Worker:RC_2025-09.zst] comments=50,400,000 active_words=6,423 remaining=1
[Worker:RC_2025-09.zst] comments=50,500,000 active_words=6,423 remaining=1
[Worker:RC_2025-09.zst] comments=50,600,000 active_words=6,423 remaining=1
[Worker:RC_2025-09.zst] comments=50,700,000 active_words=6,423 remaining=1
[Worker:RC_2025-09.zst] comments=50,800,000 active_words=6,423 remaining=1
[Worker:RC_2025-09.zst] comments=50,900,000 active_words=6,423 remaining=1
[Worker:RC_2025-09.zst] comments=51,000,000 active_words=6,423 remaining=1
[Worker:RC_2025-09.zst] comments=51,100,000 active_words=6,423 remaining=1
[Worker:RC_2025-09.zst] comments=51,200,000 active_words=6,423 remaining=1
[Worker:RC_2025-09.zst] comments=51,300,000 active_words=6,423 remaining=1
[Worker:RC_2025-09.zst] comments=51,400,000 active_words=6,423 remaining=1
[Worker:RC_2025-09.zst] comments=51,500,000 active_words=6,423 remaining=1
[Worker:RC_2025-09.zst] comments=51,600,000 active_words=6,423 remaining=1
[Worker:RC_2025-09.zst] comments=51,700,000 active_words=6,423 remaining=1
[Worker:RC_2025-09.zst] comments=51,800,000 active_words=6,423 remaining=1
[Worker:RC_2025-09.zst] comments=51,900,000 active_words=6,423 remaining=1
[Worker:RC_2025-09.zst] comments=52,000,000 active_words=6,423 remaining=1
[Worker:RC_2025-09.zst] comments=52,100,000 active_words=6,423 remaining=1
[Worker:RC_2025-09.zst] comments=52,200,000 active_words=6,423 remaining=1
[Worker:RC_2025-09.zst] comments=52,300,000 active_words=6,423 remaining=1
[Worker:RC_2025-09.zst] comments=52,400,000 active_words=6,423 remaining=1
[Worker:RC_2025-09.zst] comments=52,500,000 active_words=6,423 remaining=1
[Worker:RC_2025-09.zst] comments=52,600,000 active_words=6,423 remaining=1
[Worker:RC_2025-09.zst] comments=52,700,000 active_words=6,423 remaining=1
[Worker:RC_2025-09.zst] comments=52,800,000 active_words=6,423 remaining=1
[Worker:RC_2025-09.zst] comments=52,900,000 active_words=6,423 remaining=1
[Worker:RC_2025-09.zst] comments=53,000,000 active_words=6,423 remaining=1
[Worker:RC_2025-09.zst] comments=53,100,000 active_words=6,423 remaining=1
[Worker:RC_2025-09.zst] comments=53,200,000 active_words=6,423 remaining=1
[Worker:RC_2025-09.zst] comments=53,300,000 active_words=6,423 remaining=1
[Worker:RC_2025-09.zst] comments=53,400,000 active_words=6,423 remaining=1
[Worker:RC_2025-09.zst] comments=53,500,000 active_words=6,423 remaining=1
[Worker:RC_2025-09.zst] comments=53,600,000 active_words=6,423 remaining=1
[Worker:RC_2025-09.zst] comments=53,700,000 active_words=6,423 remaining=1
[Worker:RC_2025-09.zst] comments=53,800,000 active_words=6,423 remaining=1
[Worker:RC_2025-09.zst] comments=53,900,000 active_words=6,423 remaining=1
[Worker:RC_2025-09.zst] comments=54,000,000 active_words=6,423 remaining=1
[Worker:RC_2025-09.zst] comments=54,100,000 active_words=6,423 remaining=1
[Worker:RC_2025-09.zst] comments=54,200,000 active_words=6,423 remaining=1
[Worker:RC_2025-09.zst] comments=54,300,000 active_words=6,423 remaining=1
[Worker:RC_2025-09.zst] comments=54,400,000 active_words=6,423 remaining=1
[Worker:RC_2025-09.zst] comments=54,500,000 active_words=6,423 remaining=1
[Worker:RC_2025-09.zst] comments=54,600,000 active_words=6,423 remaining=1
[Worker:RC_2025-09.zst] comments=54,700,000 active_words=6,423 remaining=1
[Worker:RC_2025-09.zst] comments=54,800,000 active_words=6,423 remaining=1
[Worker:RC_2025-09.zst] comments=54,900,000 active_words=6,423 remaining=1
[Worker:RC_2025-09.zst] comments=55,000,000 active_words=6,423 remaining=1
[Worker:RC_2025-09.zst] comments=55,100,000 active_words=6,423 remaining=1
[Worker:RC_2025-09.zst] comments=55,200,000 active_words=6,423 remaining=1
[Worker:RC_2025-09.zst] comments=55,300,000 active_words=6,423 remaining=1
[Worker:RC_2025-09.zst] comments=55,400,000 active_words=6,423 remaining=1
[Worker:RC_2025-09.zst] comments=55,500,000 active_words=6,423 remaining=1
[Worker:RC_2025-09.zst] comments=55,600,000 active_words=6,423 remaining=1
[Worker:RC_2025-09.zst] comments=55,700,000 active_words=6,423 remaining=1
[Worker:RC_2025-09.zst] comments=55,800,000 active_words=6,423 remaining=1
[Worker:RC_2025-09.zst] comments=55,900,000 active_words=6,423 remaining=1
[Worker:RC_2025-09.zst] comments=56,000,000 active_words=6,423 remaining=1
[Worker:RC_2025-09.zst] comments=56,100,000 active_words=6,423 remaining=1
[Worker:RC_2025-09.zst] comments=56,200,000 active_words=6,423 remaining=1
[Worker:RC_2025-09.zst] comments=56,300,000 active_words=6,423 remaining=1
[Worker:RC_2025-09.zst] comments=56,400,000 active_words=6,423 remaining=1
[Worker:RC_2025-09.zst] comments=56,500,000 active_words=6,423 remaining=1
[Worker:RC_2025-09.zst] comments=56,600,000 active_words=6,423 remaining=1
[Worker:RC_2025-09.zst] comments=56,700,000 active_words=6,423 remaining=1
[Worker:RC_2025-09.zst] comments=56,800,000 active_words=6,423 remaining=1
[Worker:RC_2025-09.zst] comments=56,900,000 active_words=6,423 remaining=1
[Worker:RC_2025-09.zst] comments=57,000,000 active_words=6,423 remaining=1
[Worker:RC_2025-09.zst] comments=57,100,000 active_words=6,423 remaining=1
[Worker:RC_2025-09.zst] comments=57,200,000 active_words=6,423 remaining=1
[Worker:RC_2025-09.zst] comments=57,300,000 active_words=6,423 remaining=1
[Worker:RC_2025-09.zst] comments=57,400,000 active_words=6,423 remaining=1
[Worker:RC_2025-09.zst] comments=57,500,000 active_words=6,423 remaining=1
[Worker:RC_2025-09.zst] comments=57,600,000 active_words=6,423 remaining=1
[Worker:RC_2025-09.zst] comments=57,700,000 active_words=6,423 remaining=1
[Worker:RC_2025-09.zst] comments=57,800,000 active_words=6,423 remaining=1
[Worker:RC_2025-09.zst] comments=57,900,000 active_words=6,423 remaining=1
[Worker:RC_2025-09.zst] comments=58,000,000 active_words=6,423 remaining=1
[Worker:RC_2025-09.zst] comments=58,100,000 active_words=6,423 remaining=1
[Worker:RC_2025-09.zst] comments=58,200,000 active_words=6,423 remaining=1
[Worker:RC_2025-09.zst] comments=58,300,000 active_words=6,423 remaining=1
[Worker:RC_2025-09.zst] comments=58,400,000 active_words=6,423 remaining=1
[Worker:RC_2025-09.zst] comments=58,500,000 active_words=6,423 remaining=1
[Worker:RC_2025-09.zst] comments=58,600,000 active_words=6,423 remaining=1
[Worker:RC_2025-09.zst] comments=58,700,000 active_words=6,423 remaining=1
[Worker:RC_2025-09.zst] comments=58,800,000 active_words=6,423 remaining=1
[Worker:RC_2025-09.zst] comments=58,900,000 active_words=6,423 remaining=1
[Worker:RC_2025-09.zst] comments=59,000,000 active_words=6,423 remaining=1
[Worker:RC_2025-09.zst] comments=59,100,000 active_words=6,423 remaining=1
[Worker:RC_2025-09.zst] comments=59,200,000 active_words=6,423 remaining=1
[Worker:RC_2025-09.zst] comments=59,300,000 active_words=6,423 remaining=1
[Worker:RC_2025-09.zst] comments=59,400,000 active_words=6,423 remaining=1
[Worker:RC_2025-09.zst] comments=59,500,000 active_words=6,423 remaining=1
[Worker:RC_2025-09.zst] comments=59,600,000 active_words=6,423 remaining=1
[Worker:RC_2025-09.zst] comments=59,700,000 active_words=6,423 remaining=1
[Worker:RC_2025-09.zst] comments=59,800,000 active_words=6,423 remaining=1
[Worker:RC_2025-09.zst] comments=59,900,000 active_words=6,423 remaining=1
[Worker:RC_2025-09.zst] comments=60,000,000 active_words=6,423 remaining=1
[Worker:RC_2025-09.zst] comments=60,100,000 active_words=6,423 remaining=1
[Worker:RC_2025-09.zst] comments=60,200,000 active_words=6,423 remaining=1
[Worker:RC_2025-09.zst] comments=60,300,000 active_words=6,423 remaining=1
[Worker:RC_2025-09.zst] comments=60,400,000 active_words=6,423 remaining=1
[Worker:RC_2025-09.zst] comments=60,500,000 active_words=6,423 remaining=1
[Worker:RC_2025-09.zst] comments=60,600,000 active_words=6,423 remaining=1
[Worker:RC_2025-09.zst] comments=60,700,000 active_words=6,423 remaining=1
[Worker:RC_2025-09.zst] comments=60,800,000 active_words=6,423 remaining=1
[Worker:RC_2025-09.zst] comments=60,900,000 active_words=6,423 remaining=1
[Worker:RC_2025-09.zst] comments=61,000,000 active_words=6,423 remaining=1
[Worker:RC_2025-09.zst] comments=61,100,000 active_words=6,423 remaining=1
[Worker:RC_2025-09.zst] comments=61,200,000 active_words=6,423 remaining=1
[Worker:RC_2025-09.zst] comments=61,300,000 active_words=6,423 remaining=1
[Worker:RC_2025-09.zst] comments=61,400,000 active_words=6,423 remaining=1
[Worker:RC_2025-09.zst] comments=61,500,000 active_words=6,423 remaining=1
[Worker:RC_2025-09.zst] comments=61,600,000 active_words=6,423 remaining=1
[Worker:RC_2025-09.zst] comments=61,700,000 active_words=6,423 remaining=1
[Worker:RC_2025-09.zst] comments=61,800,000 active_words=6,423 remaining=1
[Worker:RC_2025-09.zst] comments=61,900,000 active_words=6,423 remaining=1
[Worker:RC_2025-09.zst] comments=62,000,000 active_words=6,423 remaining=1
[Worker:RC_2025-09.zst] comments=62,100,000 active_words=6,423 remaining=1
[Worker:RC_2025-09.zst] comments=62,200,000 active_words=6,423 remaining=1
[Worker:RC_2025-09.zst] comments=62,300,000 active_words=6,423 remaining=1
[Worker:RC_2025-09.zst] comments=62,400,000 active_words=6,423 remaining=1
[Worker:RC_2025-09.zst] comments=62,500,000 active_words=6,423 remaining=1
[Worker:RC_2025-09.zst] comments=62,600,000 active_words=6,423 remaining=1
[Worker:RC_2025-09.zst] comments=62,700,000 active_words=6,423 remaining=1
[Worker:RC_2025-09.zst] comments=62,800,000 active_words=6,423 remaining=1
[Worker:RC_2025-09.zst] comments=62,900,000 active_words=6,423 remaining=1
[Worker:RC_2025-09.zst] comments=63,000,000 active_words=6,423 remaining=1
[Worker:RC_2025-09.zst] comments=63,100,000 active_words=6,423 remaining=1
[Worker:RC_2025-09.zst] comments=63,200,000 active_words=6,423 remaining=1
[Worker:RC_2025-09.zst] comments=63,300,000 active_words=6,423 remaining=1
[Worker:RC_2025-09.zst] comments=63,400,000 active_words=6,423 remaining=1
[Worker:RC_2025-09.zst] comments=63,500,000 active_words=6,423 remaining=1
[Worker:RC_2025-09.zst] comments=63,600,000 active_words=6,423 remaining=1
[Worker:RC_2025-09.zst] comments=63,700,000 active_words=6,423 remaining=1
[Worker:RC_2025-09.zst] comments=63,800,000 active_words=6,423 remaining=1
[Worker:RC_2025-09.zst] comments=63,900,000 active_words=6,423 remaining=1
[Worker:RC_2025-09.zst] comments=64,000,000 active_words=6,423 remaining=1
[Worker:RC_2025-09.zst] comments=64,100,000 active_words=6,423 remaining=1
[Worker:RC_2025-09.zst] comments=64,200,000 active_words=6,423 remaining=1
[Worker:RC_2025-09.zst] comments=64,300,000 active_words=6,423 remaining=1
[Worker:RC_2025-09.zst] comments=64,400,000 active_words=6,423 remaining=1
[Worker:RC_2025-09.zst] comments=64,500,000 active_words=6,423 remaining=1
[Worker:RC_2025-09.zst] comments=64,600,000 active_words=6,423 remaining=1
[Worker:RC_2025-09.zst] comments=64,700,000 active_words=6,423 remaining=1
[Worker:RC_2025-09.zst] comments=64,800,000 active_words=6,423 remaining=1
[Worker:RC_2025-09.zst] comments=64,900,000 active_words=6,423 remaining=1
[Worker:RC_2025-09.zst] comments=65,000,000 active_words=6,423 remaining=1
[Worker:RC_2025-09.zst] comments=65,100,000 active_words=6,423 remaining=1
[Worker:RC_2025-09.zst] comments=65,200,000 active_words=6,423 remaining=1
[Worker:RC_2025-09.zst] comments=65,300,000 active_words=6,423 remaining=1
[Worker:RC_2025-09.zst] comments=65,400,000 active_words=6,423 remaining=1
[Worker:RC_2025-09.zst] comments=65,500,000 active_words=6,423 remaining=1
[Worker:RC_2025-09.zst] comments=65,600,000 active_words=6,423 remaining=1
[Worker:RC_2025-09.zst] comments=65,700,000 active_words=6,423 remaining=1
[Worker:RC_2025-09.zst] comments=65,800,000 active_words=6,423 remaining=1
[Worker:RC_2025-09.zst] comments=65,900,000 active_words=6,423 remaining=1
[Worker:RC_2025-09.zst] comments=66,000,000 active_words=6,423 remaining=1
[Worker:RC_2025-09.zst] comments=66,100,000 active_words=6,423 remaining=1
[Worker:RC_2025-09.zst] comments=66,200,000 active_words=6,423 remaining=1
[Worker:RC_2025-09.zst] comments=66,300,000 active_words=6,423 remaining=1
[Worker:RC_2025-09.zst] comments=66,400,000 active_words=6,423 remaining=1
[Worker:RC_2025-09.zst] comments=66,500,000 active_words=6,423 remaining=1
[Worker:RC_2025-09.zst] comments=66,600,000 active_words=6,423 remaining=1
[Worker:RC_2025-09.zst] comments=66,700,000 active_words=6,423 remaining=1
[Worker:RC_2025-09.zst] comments=66,800,000 active_words=6,423 remaining=1
[Worker:RC_2025-09.zst] comments=66,900,000 active_words=6,423 remaining=1
[Worker:RC_2025-09.zst] comments=67,000,000 active_words=6,423 remaining=1
[Worker:RC_2025-09.zst] comments=67,100,000 active_words=6,423 remaining=1
[Worker:RC_2025-09.zst] comments=67,200,000 active_words=6,423 remaining=1
[Worker:RC_2025-09.zst] comments=67,300,000 active_words=6,423 remaining=1
[Worker:RC_2025-09.zst] comments=67,400,000 active_words=6,423 remaining=1
[Worker:RC_2025-09.zst] comments=67,500,000 active_words=6,423 remaining=1
[Worker:RC_2025-09.zst] comments=67,600,000 active_words=6,423 remaining=1
[Worker:RC_2025-09.zst] comments=67,700,000 active_words=6,423 remaining=1
[Worker:RC_2025-09.zst] comments=67,800,000 active_words=6,423 remaining=1
[Worker:RC_2025-09.zst] comments=67,900,000 active_words=6,423 remaining=1
[Worker:RC_2025-09.zst] comments=68,000,000 active_words=6,423 remaining=1
[Worker:RC_2025-09.zst] comments=68,100,000 active_words=6,423 remaining=1
[Worker:RC_2025-09.zst] comments=68,200,000 active_words=6,423 remaining=1
[Worker:RC_2025-09.zst] comments=68,300,000 active_words=6,423 remaining=1
[Worker:RC_2025-09.zst] comments=68,400,000 active_words=6,423 remaining=1
[Worker:RC_2025-09.zst] comments=68,500,000 active_words=6,423 remaining=1
[Worker:RC_2025-09.zst] comments=68,600,000 active_words=6,423 remaining=1
[Worker:RC_2025-09.zst] comments=68,700,000 active_words=6,423 remaining=1
[Worker:RC_2025-09.zst] comments=68,800,000 active_words=6,423 remaining=1
[Worker:RC_2025-09.zst] comments=68,900,000 active_words=6,423 remaining=1
[Worker:RC_2025-09.zst] comments=69,000,000 active_words=6,423 remaining=1
[Worker:RC_2025-09.zst] comments=69,100,000 active_words=6,423 remaining=1
[Worker:RC_2025-09.zst] comments=69,200,000 active_words=6,423 remaining=1
[Worker:RC_2025-09.zst] comments=69,300,000 active_words=6,423 remaining=1
[Worker:RC_2025-09.zst] comments=69,400,000 active_words=6,423 remaining=1
[Worker:RC_2025-09.zst] comments=69,500,000 active_words=6,423 remaining=1
[Worker:RC_2025-09.zst] comments=69,600,000 active_words=6,423 remaining=1
[Worker:RC_2025-09.zst] comments=69,700,000 active_words=6,423 remaining=1
[Worker:RC_2025-09.zst] comments=69,800,000 active_words=6,423 remaining=1
[Worker:RC_2025-09.zst] comments=69,900,000 active_words=6,423 remaining=1
[Worker:RC_2025-09.zst] comments=70,000,000 active_words=6,423 remaining=1
[Worker:RC_2025-09.zst] comments=70,100,000 active_words=6,423 remaining=1
[Worker:RC_2025-09.zst] comments=70,200,000 active_words=6,423 remaining=1
[Worker:RC_2025-09.zst] comments=70,300,000 active_words=6,423 remaining=1
[Worker:RC_2025-09.zst] comments=70,400,000 active_words=6,423 remaining=1
[Worker:RC_2025-09.zst] comments=70,500,000 active_words=6,423 remaining=1
[Worker:RC_2025-09.zst] comments=70,600,000 active_words=6,423 remaining=1
[Worker:RC_2025-09.zst] comments=70,700,000 active_words=6,423 remaining=1
[Worker:RC_2025-09.zst] comments=70,800,000 active_words=6,423 remaining=1
[Worker:RC_2025-09.zst] comments=70,900,000 active_words=6,423 remaining=1
[Worker:RC_2025-09.zst] comments=71,000,000 active_words=6,423 remaining=1
[Worker:RC_2025-09.zst] comments=71,100,000 active_words=6,423 remaining=1
[Worker:RC_2025-09.zst] comments=71,200,000 active_words=6,423 remaining=1
[Worker:RC_2025-09.zst] comments=71,300,000 active_words=6,423 remaining=1
[Worker:RC_2025-09.zst] comments=71,400,000 active_words=6,423 remaining=1
[Worker:RC_2025-09.zst] comments=71,500,000 active_words=6,423 remaining=1
[Worker:RC_2025-09.zst] comments=71,600,000 active_words=6,423 remaining=1
[Worker:RC_2025-09.zst] comments=71,700,000 active_words=6,423 remaining=1
[Worker:RC_2025-09.zst] comments=71,800,000 active_words=6,423 remaining=1
[Worker:RC_2025-09.zst] comments=71,900,000 active_words=6,423 remaining=1
[Worker:RC_2025-09.zst] comments=72,000,000 active_words=6,423 remaining=1
[Worker:RC_2025-09.zst] comments=72,100,000 active_words=6,423 remaining=1
[Worker:RC_2025-09.zst] comments=72,200,000 active_words=6,423 remaining=1
[Worker:RC_2025-09.zst] comments=72,300,000 active_words=6,423 remaining=1
[Worker:RC_2025-09.zst] comments=72,400,000 active_words=6,423 remaining=1
[Worker:RC_2025-09.zst] comments=72,500,000 active_words=6,423 remaining=1
[Worker:RC_2025-09.zst] comments=72,600,000 active_words=6,423 remaining=1
[Worker:RC_2025-09.zst] comments=72,700,000 active_words=6,423 remaining=1
[Worker:RC_2025-09.zst] comments=72,800,000 active_words=6,423 remaining=1
[Worker:RC_2025-09.zst] comments=72,900,000 active_words=6,423 remaining=1
[Worker:RC_2025-09.zst] comments=73,000,000 active_words=6,423 remaining=1
[Worker:RC_2025-09.zst] comments=73,100,000 active_words=6,423 remaining=1
[Worker:RC_2025-09.zst] comments=73,200,000 active_words=6,423 remaining=1
[Worker:RC_2025-09.zst] comments=73,300,000 active_words=6,423 remaining=1
[Worker:RC_2025-09.zst] comments=73,400,000 active_words=6,423 remaining=1
[Worker:RC_2025-09.zst] comments=73,500,000 active_words=6,423 remaining=1
[Worker:RC_2025-09.zst] comments=73,600,000 active_words=6,423 remaining=1
[Worker:RC_2025-09.zst] comments=73,700,000 active_words=6,423 remaining=1
[Worker:RC_2025-09.zst] comments=73,800,000 active_words=6,423 remaining=1
[Worker:RC_2025-09.zst] comments=73,900,000 active_words=6,423 remaining=1
[Worker:RC_2025-09.zst] comments=74,000,000 active_words=6,423 remaining=1
[Worker:RC_2025-09.zst] comments=74,100,000 active_words=6,423 remaining=1
[Worker:RC_2025-09.zst] comments=74,200,000 active_words=6,423 remaining=1
[Worker:RC_2025-09.zst] comments=74,300,000 active_words=6,423 remaining=1
[Worker:RC_2025-09.zst] comments=74,400,000 active_words=6,423 remaining=1
[Worker:RC_2025-09.zst] comments=74,500,000 active_words=6,423 remaining=1
[Worker:RC_2025-09.zst] comments=74,600,000 active_words=6,423 remaining=1
[Worker:RC_2025-09.zst] comments=74,700,000 active_words=6,423 remaining=1
[Worker:RC_2025-09.zst] comments=74,800,000 active_words=6,423 remaining=1
[Worker:RC_2025-09.zst] comments=74,900,000 active_words=6,423 remaining=1
[Worker:RC_2025-09.zst] comments=75,000,000 active_words=6,423 remaining=1
[Worker:RC_2025-09.zst] comments=75,100,000 active_words=6,423 remaining=1
[Worker:RC_2025-09.zst] comments=75,200,000 active_words=6,423 remaining=1
[Worker:RC_2025-09.zst] comments=75,300,000 active_words=6,423 remaining=1
[Worker:RC_2025-09.zst] comments=75,400,000 active_words=6,423 remaining=1
[Worker:RC_2025-09.zst] comments=75,500,000 active_words=6,423 remaining=1
[Worker:RC_2025-09.zst] comments=75,600,000 active_words=6,423 remaining=1
[Worker:RC_2025-09.zst] comments=75,700,000 active_words=6,423 remaining=1
[Worker:RC_2025-09.zst] comments=75,800,000 active_words=6,423 remaining=1
[Worker:RC_2025-09.zst] comments=75,900,000 active_words=6,423 remaining=1
[Worker:RC_2025-09.zst] comments=76,000,000 active_words=6,423 remaining=1
[Worker:RC_2025-09.zst] comments=76,100,000 active_words=6,423 remaining=1
[Worker:RC_2025-09.zst] comments=76,200,000 active_words=6,423 remaining=1
[Worker:RC_2025-09.zst] comments=76,300,000 active_words=6,423 remaining=1
[Worker:RC_2025-09.zst] comments=76,400,000 active_words=6,423 remaining=1
[Worker:RC_2025-09.zst] comments=76,500,000 active_words=6,423 remaining=1
[Worker:RC_2025-09.zst] comments=76,600,000 active_words=6,423 remaining=1
[Worker:RC_2025-09.zst] comments=76,700,000 active_words=6,423 remaining=1
[Worker:RC_2025-09.zst] comments=76,800,000 active_words=6,423 remaining=1
[Worker:RC_2025-09.zst] comments=76,900,000 active_words=6,423 remaining=1
[Worker:RC_2025-09.zst] comments=77,000,000 active_words=6,423 remaining=1
[Worker:RC_2025-09.zst] comments=77,100,000 active_words=6,423 remaining=1
[Worker:RC_2025-09.zst] comments=77,200,000 active_words=6,423 remaining=1
[Worker:RC_2025-09.zst] comments=77,300,000 active_words=6,423 remaining=1
[Worker:RC_2025-09.zst] comments=77,400,000 active_words=6,423 remaining=1
[Worker:RC_2025-09.zst] comments=77,500,000 active_words=6,423 remaining=1
[Worker:RC_2025-09.zst] comments=77,600,000 active_words=6,423 remaining=1
[Worker:RC_2025-09.zst] comments=77,700,000 active_words=6,423 remaining=1
[Worker:RC_2025-09.zst] comments=77,800,000 active_words=6,423 remaining=1
[Worker:RC_2025-09.zst] comments=77,900,000 active_words=6,423 remaining=1
[Worker:RC_2025-09.zst] comments=78,000,000 active_words=6,423 remaining=1
[Worker:RC_2025-09.zst] comments=78,100,000 active_words=6,423 remaining=1
[Worker:RC_2025-09.zst] comments=78,200,000 active_words=6,423 remaining=1
[Worker:RC_2025-09.zst] comments=78,300,000 active_words=6,423 remaining=1
[Worker:RC_2025-09.zst] comments=78,400,000 active_words=6,423 remaining=1
[Worker:RC_2025-09.zst] comments=78,500,000 active_words=6,423 remaining=1
[Worker:RC_2025-09.zst] comments=78,600,000 active_words=6,423 remaining=1
[Worker:RC_2025-09.zst] comments=78,700,000 active_words=6,423 remaining=1
[Worker:RC_2025-09.zst] comments=78,800,000 active_words=6,423 remaining=1
[Worker:RC_2025-09.zst] comments=78,900,000 active_words=6,423 remaining=1
[Worker:RC_2025-09.zst] comments=79,000,000 active_words=6,423 remaining=1
[Worker:RC_2025-09.zst] comments=79,100,000 active_words=6,423 remaining=1
[Worker:RC_2025-09.zst] comments=79,200,000 active_words=6,423 remaining=1
[Worker:RC_2025-09.zst] comments=79,300,000 active_words=6,423 remaining=1
[Worker:RC_2025-09.zst] comments=79,400,000 active_words=6,423 remaining=1
[Worker:RC_2025-09.zst] comments=79,500,000 active_words=6,423 remaining=1
[Worker:RC_2025-09.zst] comments=79,600,000 active_words=6,423 remaining=1
[Worker:RC_2025-09.zst] comments=79,700,000 active_words=6,423 remaining=1
[Worker:RC_2025-09.zst] comments=79,800,000 active_words=6,423 remaining=1
[Worker:RC_2025-09.zst] comments=79,900,000 active_words=6,423 remaining=1
[Worker:RC_2025-09.zst] comments=80,000,000 active_words=6,423 remaining=1
[Worker:RC_2025-09.zst] comments=80,100,000 active_words=6,423 remaining=1
[Worker:RC_2025-09.zst] comments=80,200,000 active_words=6,423 remaining=1
[Worker:RC_2025-09.zst] comments=80,300,000 active_words=6,423 remaining=1
[Worker:RC_2025-09.zst] comments=80,400,000 active_words=6,423 remaining=1
[Worker:RC_2025-09.zst] comments=80,500,000 active_words=6,423 remaining=1
[Worker:RC_2025-09.zst] comments=80,600,000 active_words=6,423 remaining=1
[Worker:RC_2025-09.zst] comments=80,700,000 active_words=6,423 remaining=1
[Worker:RC_2025-09.zst] comments=80,800,000 active_words=6,423 remaining=1
[Worker:RC_2025-09.zst] comments=80,900,000 active_words=6,423 remaining=1
[Worker:RC_2025-09.zst] comments=81,000,000 active_words=6,423 remaining=1
[Worker:RC_2025-09.zst] comments=81,100,000 active_words=6,423 remaining=1
[Worker:RC_2025-09.zst] comments=81,200,000 active_words=6,423 remaining=1
[Worker:RC_2025-09.zst] comments=81,300,000 active_words=6,423 remaining=1
[Worker:RC_2025-09.zst] comments=81,400,000 active_words=6,423 remaining=1
[Worker:RC_2025-09.zst] comments=81,500,000 active_words=6,423 remaining=1
[Worker:RC_2025-09.zst] comments=81,600,000 active_words=6,423 remaining=1
[Worker:RC_2025-09.zst] comments=81,700,000 active_words=6,423 remaining=1
[Worker:RC_2025-09.zst] comments=81,800,000 active_words=6,423 remaining=1
[Worker:RC_2025-09.zst] comments=81,900,000 active_words=6,423 remaining=1
[Worker:RC_2025-09.zst] comments=82,000,000 active_words=6,423 remaining=1
[Worker:RC_2025-09.zst] comments=82,100,000 active_words=6,423 remaining=1
[Worker:RC_2025-09.zst] comments=82,200,000 active_words=6,423 remaining=1
[Worker:RC_2025-09.zst] comments=82,300,000 active_words=6,423 remaining=1
[Worker:RC_2025-09.zst] comments=82,400,000 active_words=6,423 remaining=1
[Worker:RC_2025-09.zst] comments=82,500,000 active_words=6,423 remaining=1
[Worker:RC_2025-09.zst] comments=82,600,000 active_words=6,423 remaining=1
[Worker:RC_2025-09.zst] comments=82,700,000 active_words=6,423 remaining=1
[Worker:RC_2025-09.zst] comments=82,800,000 active_words=6,423 remaining=1
[Worker:RC_2025-09.zst] comments=82,900,000 active_words=6,423 remaining=1
[Worker:RC_2025-09.zst] comments=83,000,000 active_words=6,423 remaining=1
[Worker:RC_2025-09.zst] comments=83,100,000 active_words=6,423 remaining=1
[Worker:RC_2025-09.zst] comments=83,200,000 active_words=6,423 remaining=1
[Worker:RC_2025-09.zst] comments=83,300,000 active_words=6,423 remaining=1
[Worker:RC_2025-09.zst] comments=83,400,000 active_words=6,423 remaining=1
[Worker:RC_2025-09.zst] comments=83,500,000 active_words=6,423 remaining=1
[Worker:RC_2025-09.zst] comments=83,600,000 active_words=6,423 remaining=1
[Worker:RC_2025-09.zst] comments=83,700,000 active_words=6,423 remaining=1
[Worker:RC_2025-09.zst] comments=83,800,000 active_words=6,423 remaining=1
[Worker:RC_2025-09.zst] comments=83,900,000 active_words=6,423 remaining=1
[Worker:RC_2025-09.zst] comments=84,000,000 active_words=6,423 remaining=1
[Worker:RC_2025-09.zst] comments=84,100,000 active_words=6,423 remaining=1
[Worker:RC_2025-09.zst] comments=84,200,000 active_words=6,423 remaining=1
[Worker:RC_2025-09.zst] comments=84,300,000 active_words=6,423 remaining=1
[Worker:RC_2025-09.zst] comments=84,400,000 active_words=6,423 remaining=1
[Worker:RC_2025-09.zst] comments=84,500,000 active_words=6,423 remaining=1
[Worker:RC_2025-09.zst] comments=84,600,000 active_words=6,423 remaining=1
[Worker:RC_2025-09.zst] comments=84,700,000 active_words=6,423 remaining=1
[Worker:RC_2025-09.zst] comments=84,800,000 active_words=6,423 remaining=1
[Worker:RC_2025-09.zst] comments=84,900,000 active_words=6,423 remaining=1
[Worker:RC_2025-09.zst] comments=85,000,000 active_words=6,423 remaining=1
[Worker:RC_2025-09.zst] comments=85,100,000 active_words=6,423 remaining=1
[Worker:RC_2025-09.zst] comments=85,200,000 active_words=6,423 remaining=1
[Worker:RC_2025-09.zst] comments=85,300,000 active_words=6,423 remaining=1
[Worker:RC_2025-09.zst] comments=85,400,000 active_words=6,423 remaining=1
[Worker:RC_2025-09.zst] comments=85,500,000 active_words=6,423 remaining=1
[Worker:RC_2025-09.zst] comments=85,600,000 active_words=6,423 remaining=1
[Worker:RC_2025-09.zst] comments=85,700,000 active_words=6,423 remaining=1
[Worker:RC_2025-09.zst] comments=85,800,000 active_words=6,423 remaining=1
[Worker:RC_2025-09.zst] comments=85,900,000 active_words=6,423 remaining=1
[Worker:RC_2025-09.zst] comments=86,000,000 active_words=6,423 remaining=1
[Worker:RC_2025-09.zst] comments=86,100,000 active_words=6,423 remaining=1
[Worker:RC_2025-09.zst] comments=86,200,000 active_words=6,423 remaining=1
[Worker:RC_2025-09.zst] comments=86,300,000 active_words=6,423 remaining=1
[Worker:RC_2025-09.zst] comments=86,400,000 active_words=6,423 remaining=1
[Worker:RC_2025-09.zst] comments=86,500,000 active_words=6,423 remaining=1
[Worker:RC_2025-09.zst] comments=86,600,000 active_words=6,423 remaining=1
[Worker:RC_2025-09.zst] comments=86,700,000 active_words=6,423 remaining=1
[Worker:RC_2025-09.zst] comments=86,800,000 active_words=6,423 remaining=1
[Worker:RC_2025-09.zst] comments=86,900,000 active_words=6,423 remaining=1
[Worker:RC_2025-09.zst] comments=87,000,000 active_words=6,423 remaining=1
[Worker:RC_2025-09.zst] comments=87,100,000 active_words=6,423 remaining=1
[Worker:RC_2025-09.zst] comments=87,200,000 active_words=6,423 remaining=1
[Worker:RC_2025-09.zst] comments=87,300,000 active_words=6,423 remaining=1
[Worker:RC_2025-09.zst] comments=87,400,000 active_words=6,423 remaining=1
[Worker:RC_2025-09.zst] comments=87,500,000 active_words=6,423 remaining=1
[Worker:RC_2025-09.zst] comments=87,600,000 active_words=6,423 remaining=1
[Worker:RC_2025-09.zst] comments=87,700,000 active_words=6,423 remaining=1
[Worker:RC_2025-09.zst] comments=87,800,000 active_words=6,423 remaining=1
[Worker:RC_2025-09.zst] comments=87,900,000 active_words=6,423 remaining=1
[Worker:RC_2025-09.zst] comments=88,000,000 active_words=6,423 remaining=1
[Worker:RC_2025-09.zst] comments=88,100,000 active_words=6,423 remaining=1
[Worker:RC_2025-09.zst] comments=88,200,000 active_words=6,423 remaining=1
[Worker:RC_2025-09.zst] comments=88,300,000 active_words=6,423 remaining=1
[Worker:RC_2025-09.zst] comments=88,400,000 active_words=6,423 remaining=1
[Worker:RC_2025-09.zst] comments=88,500,000 active_words=6,423 remaining=1
[Worker:RC_2025-09.zst] comments=88,600,000 active_words=6,423 remaining=1
[Worker:RC_2025-09.zst] comments=88,700,000 active_words=6,423 remaining=1
[Worker:RC_2025-09.zst] comments=88,800,000 active_words=6,423 remaining=1
[Worker:RC_2025-09.zst] comments=88,900,000 active_words=6,423 remaining=1
[Worker:RC_2025-09.zst] comments=89,000,000 active_words=6,423 remaining=1
[Worker:RC_2025-09.zst] comments=89,100,000 active_words=6,423 remaining=1
[Worker:RC_2025-09.zst] comments=89,200,000 active_words=6,423 remaining=1
[Worker:RC_2025-09.zst] comments=89,300,000 active_words=6,423 remaining=1
[Worker:RC_2025-09.zst] comments=89,400,000 active_words=6,423 remaining=1
[Worker:RC_2025-09.zst] comments=89,500,000 active_words=6,423 remaining=1
[Worker:RC_2025-09.zst] comments=89,600,000 active_words=6,423 remaining=1
[Worker:RC_2025-09.zst] comments=89,700,000 active_words=6,423 remaining=1
[Worker:RC_2025-09.zst] comments=89,800,000 active_words=6,423 remaining=1
[Worker:RC_2025-09.zst] comments=89,900,000 active_words=6,423 remaining=1
[Worker:RC_2025-09.zst] comments=90,000,000 active_words=6,423 remaining=1
[Worker:RC_2025-09.zst] comments=90,100,000 active_words=6,423 remaining=1
[Worker:RC_2025-09.zst] comments=90,200,000 active_words=6,423 remaining=1
[Worker:RC_2025-09.zst] All targets filled at 90,244,701 comments -- stopping early
[Worker:RC_2025-09.zst] Scan done - writing partial results
[Worker:RC_2025-09.zst] Written: C:\Users\User\AppData\Local\Temp\tmp6ba1mhnj_ctx_worker0.jsonl
[INFO] KEEP candidates: 6423
[INFO] Indexed phrases: 6423
[INFO] Phrase lengths: [1, 2, 3, 4, 5, 6]
[Merge] words_with_contexts=6,423
[Merge] total_collected=874,500
[Merge] output -> data_pipeline\candidate_context_cache.jsonl
[Merge] summary -> data_pipeline\candidate_context_summary.jsonl
[DONE]
